INFO 2020-12-03 11:26:28,193 basehttp 124 "GET / HTTP/1.1" 200 16348
WARNING 2020-12-03 11:26:28,304 base 93 Not Found: /favicon.ico
WARNING 2020-12-03 11:26:28,304 basehttp 124 "GET /favicon.ico HTTP/1.1" 404 1973
INFO 2020-12-03 11:27:45,822 basehttp 124 "GET / HTTP/1.1" 200 16348
INFO 2020-12-03 11:29:12,290 basehttp 124 "GET / HTTP/1.1" 200 16348
INFO 2020-12-03 11:29:27,413 basehttp 124 "GET / HTTP/1.1" 200 16348
ERROR 2020-12-03 15:14:11,857 exception 74 Invalid HTTP_HOST header: '127.0.0.1:8000'. You may need to add '127.0.0.1' to ALLOWED_HOSTS.
WARNING 2020-12-03 15:14:11,952 basehttp 124 "GET / HTTP/1.1" 400 67409
WARNING 2020-12-03 15:14:41,899 base 93 Not Found: /
WARNING 2020-12-03 15:14:41,900 basehttp 124 "GET / HTTP/1.1" 404 2055
WARNING 2020-12-03 15:14:42,000 base 93 Not Found: /favicon.ico
WARNING 2020-12-03 15:14:42,000 basehttp 124 "GET /favicon.ico HTTP/1.1" 404 2106
INFO 2020-12-03 15:14:46,364 basehttp 124 "GET /admin HTTP/1.1" 301 0
INFO 2020-12-03 15:14:46,396 basehttp 124 "GET /admin/ HTTP/1.1" 302 0
INFO 2020-12-03 15:14:46,493 basehttp 124 "GET /admin/login/?next=/admin/ HTTP/1.1" 200 1855
INFO 2020-12-03 15:14:46,530 basehttp 124 "GET /static/admin/css/base.css HTTP/1.1" 200 16106
INFO 2020-12-03 15:14:46,536 basehttp 124 "GET /static/admin/css/login.css HTTP/1.1" 200 1203
INFO 2020-12-03 15:14:46,539 basehttp 124 "GET /static/admin/css/fonts.css HTTP/1.1" 200 423
INFO 2020-12-03 15:14:46,545 basehttp 124 "GET /static/admin/css/responsive.css HTTP/1.1" 200 17894
INFO 2020-12-03 15:14:46,612 basehttp 124 "GET /static/admin/fonts/Roboto-Light-webfont.woff HTTP/1.1" 200 81348
INFO 2020-12-03 15:14:46,618 basehttp 124 "GET /static/admin/fonts/Roboto-Regular-webfont.woff HTTP/1.1" 200 80304
INFO 2020-12-03 15:55:20,998 basehttp 124 "GET /admin/ HTTP/1.1" 200 4163
INFO 2020-12-03 15:55:21,038 basehttp 124 "GET /static/xadmin/vendor/bootstrap/css/bootstrap.css HTTP/1.1" 200 126432
INFO 2020-12-03 15:55:21,040 basehttp 124 "GET /static/xadmin/css/xadmin.main.css HTTP/1.1" 200 8376
INFO 2020-12-03 15:55:21,041 basehttp 124 "GET /static/xadmin/css/xadmin.plugins.css HTTP/1.1" 200 175
INFO 2020-12-03 15:55:21,041 basehttp 124 "GET /static/xadmin/vendor/font-awesome/css/font-awesome.css HTTP/1.1" 200 21658
INFO 2020-12-03 15:55:21,042 basehttp 124 "GET /static/xadmin/css/themes/bootstrap-xadmin.css HTTP/1.1" 200 1888
INFO 2020-12-03 15:55:21,046 basehttp 124 "GET /static/xadmin/css/xadmin.responsive.css HTTP/1.1" 200 4361
INFO 2020-12-03 15:55:21,050 basehttp 124 "GET /static/xadmin/vendor/jquery/jquery.js HTTP/1.1" 200 240196
INFO 2020-12-03 15:55:21,069 basehttp 124 "GET /static/xadmin/vendor/jquery-ui/jquery.ui.core.js HTTP/1.1" 200 8195
INFO 2020-12-03 15:55:21,069 basehttp 124 "GET /static/xadmin/vendor/jquery-ui/jquery.ui.widget.js HTTP/1.1" 200 15069
INFO 2020-12-03 15:55:21,072 basehttp 124 "GET /admin/jsi18n/ HTTP/1.1" 200 4170
INFO 2020-12-03 15:55:21,075 basehttp 124 "GET /static/xadmin/vendor/jquery-ui/jquery.ui.mouse.js HTTP/1.1" 200 4561
INFO 2020-12-03 15:55:21,085 basehttp 124 "GET /static/xadmin/vendor/jquery-ui/jquery.ui.sortable.js HTTP/1.1" 200 42543
INFO 2020-12-03 15:55:21,101 basehttp 124 "GET /static/xadmin/vendor/bootstrap/js/bootstrap.js HTTP/1.1" 200 58327
INFO 2020-12-03 15:55:21,108 basehttp 124 "GET /static/xadmin/js/xadmin.main.js HTTP/1.1" 200 3401
INFO 2020-12-03 15:55:21,116 basehttp 124 "GET /static/xadmin/js/xadmin.responsive.js HTTP/1.1" 200 4165
INFO 2020-12-03 15:55:21,237 basehttp 124 "GET /static/xadmin/vendor/font-awesome/fonts/fontawesome-webfont.woff?v=4.0.3 HTTP/1.1" 200 44432
INFO 2020-12-03 15:55:37,321 basehttp 124 "POST /admin/ HTTP/1.1" 200 4392
INFO 2020-12-03 15:55:37,350 basehttp 124 "GET /admin/jsi18n/ HTTP/1.1" 200 4170
INFO 2020-12-03 15:55:42,428 basehttp 124 "POST /admin/ HTTP/1.1" 302 0
INFO 2020-12-03 15:55:42,460 basehttp 124 "GET /admin/ HTTP/1.1" 200 9812
INFO 2020-12-03 15:55:42,481 basehttp 124 "GET /static/xadmin/css/xadmin.page.dashboard.css HTTP/1.1" 200 790
INFO 2020-12-03 15:55:42,490 basehttp 124 "GET /static/xadmin/js/xadmin.page.dashboard.js HTTP/1.1" 200 3208
INFO 2020-12-03 15:55:42,500 basehttp 124 "GET /admin/jsi18n/ HTTP/1.1" 200 3185
INFO 2020-12-03 15:55:42,502 basehttp 124 "GET /static/xadmin/js/xadmin.plugin.portal.js HTTP/1.1" 200 1000
INFO 2020-12-03 15:57:27,447 basehttp 124 "GET /admin/ HTTP/1.1" 200 9812
INFO 2020-12-03 15:57:27,480 basehttp 124 "GET /static/xadmin/vendor/bootstrap/css/bootstrap.css HTTP/1.1" 304 0
INFO 2020-12-03 15:57:27,487 basehttp 124 "GET /static/xadmin/css/xadmin.responsive.css HTTP/1.1" 304 0
INFO 2020-12-03 15:57:27,500 basehttp 124 "GET /static/xadmin/css/xadmin.plugins.css HTTP/1.1" 304 0
INFO 2020-12-03 15:57:27,501 basehttp 124 "GET /static/xadmin/css/xadmin.main.css HTTP/1.1" 304 0
INFO 2020-12-03 15:57:27,504 basehttp 124 "GET /static/xadmin/css/themes/bootstrap-xadmin.css HTTP/1.1" 304 0
INFO 2020-12-03 15:57:27,505 basehttp 124 "GET /static/xadmin/vendor/font-awesome/css/font-awesome.css HTTP/1.1" 304 0
INFO 2020-12-03 15:57:27,507 basehttp 124 "GET /static/xadmin/css/xadmin.page.dashboard.css HTTP/1.1" 304 0
INFO 2020-12-03 15:57:27,511 basehttp 124 "GET /static/xadmin/vendor/jquery/jquery.js HTTP/1.1" 304 0
INFO 2020-12-03 15:57:27,513 basehttp 124 "GET /static/xadmin/vendor/jquery-ui/jquery.ui.mouse.js HTTP/1.1" 304 0
INFO 2020-12-03 15:57:27,513 basehttp 124 "GET /static/xadmin/vendor/jquery-ui/jquery.ui.widget.js HTTP/1.1" 304 0
INFO 2020-12-03 15:57:27,517 basehttp 124 "GET /static/xadmin/vendor/bootstrap/js/bootstrap.js HTTP/1.1" 304 0
INFO 2020-12-03 15:57:27,519 basehttp 124 "GET /static/xadmin/js/xadmin.responsive.js HTTP/1.1" 304 0
INFO 2020-12-03 15:57:27,521 basehttp 124 "GET /static/xadmin/js/xadmin.plugin.portal.js HTTP/1.1" 304 0
INFO 2020-12-03 15:57:27,525 basehttp 124 "GET /static/xadmin/vendor/jquery-ui/jquery.ui.core.js HTTP/1.1" 304 0
INFO 2020-12-03 15:57:27,527 basehttp 124 "GET /static/xadmin/js/xadmin.page.dashboard.js HTTP/1.1" 304 0
INFO 2020-12-03 15:57:27,533 basehttp 124 "GET /static/xadmin/js/xadmin.main.js HTTP/1.1" 304 0
INFO 2020-12-03 15:57:27,539 basehttp 124 "GET /admin/jsi18n/ HTTP/1.1" 200 3185
INFO 2020-12-03 15:57:27,541 basehttp 124 "GET /static/xadmin/vendor/jquery-ui/jquery.ui.sortable.js HTTP/1.1" 304 0
INFO 2020-12-03 15:57:32,922 basehttp 124 "GET /admin/ HTTP/1.1" 200 9812
INFO 2020-12-03 15:57:32,947 basehttp 124 "GET /admin/jsi18n/ HTTP/1.1" 200 3185
INFO 2020-12-03 15:57:41,776 basehttp 124 "GET /admin/ HTTP/1.1" 200 9812
INFO 2020-12-03 15:57:41,812 basehttp 124 "GET /static/xadmin/vendor/bootstrap/css/bootstrap.css HTTP/1.1" 200 126432
INFO 2020-12-03 15:57:41,819 basehttp 124 "GET /static/xadmin/css/themes/bootstrap-xadmin.css HTTP/1.1" 200 1888
INFO 2020-12-03 15:57:41,830 basehttp 124 "GET /static/xadmin/vendor/font-awesome/css/font-awesome.css HTTP/1.1" 200 21658
INFO 2020-12-03 15:57:41,831 basehttp 124 "GET /static/xadmin/css/xadmin.main.css HTTP/1.1" 200 8376
INFO 2020-12-03 15:57:41,831 basehttp 124 "GET /static/xadmin/css/xadmin.plugins.css HTTP/1.1" 200 175
INFO 2020-12-03 15:57:41,833 basehttp 124 "GET /static/xadmin/css/xadmin.page.dashboard.css HTTP/1.1" 200 790
INFO 2020-12-03 15:57:41,834 basehttp 124 "GET /static/xadmin/css/xadmin.responsive.css HTTP/1.1" 200 4361
INFO 2020-12-03 15:57:41,835 basehttp 124 "GET /static/xadmin/vendor/jquery/jquery.js HTTP/1.1" 200 240196
INFO 2020-12-03 15:57:41,846 basehttp 124 "GET /static/xadmin/vendor/jquery-ui/jquery.ui.core.js HTTP/1.1" 200 8195
INFO 2020-12-03 15:57:41,847 basehttp 124 "GET /static/xadmin/vendor/jquery-ui/jquery.ui.widget.js HTTP/1.1" 200 15069
INFO 2020-12-03 15:57:41,848 basehttp 124 "GET /static/xadmin/vendor/jquery-ui/jquery.ui.mouse.js HTTP/1.1" 200 4561
INFO 2020-12-03 15:57:41,853 basehttp 124 "GET /static/xadmin/vendor/jquery-ui/jquery.ui.sortable.js HTTP/1.1" 200 42543
INFO 2020-12-03 15:57:41,853 basehttp 124 "GET /admin/jsi18n/ HTTP/1.1" 200 3185
INFO 2020-12-03 15:57:41,856 basehttp 124 "GET /static/xadmin/vendor/bootstrap/js/bootstrap.js HTTP/1.1" 200 58327
INFO 2020-12-03 15:57:41,910 basehttp 124 "GET /static/xadmin/js/xadmin.main.js HTTP/1.1" 200 3401
INFO 2020-12-03 15:57:41,910 basehttp 124 "GET /static/xadmin/js/xadmin.plugin.portal.js HTTP/1.1" 200 1000
INFO 2020-12-03 15:57:41,910 basehttp 124 "GET /static/xadmin/js/xadmin.responsive.js HTTP/1.1" 200 4165
INFO 2020-12-03 15:57:41,910 basehttp 124 "GET /static/xadmin/js/xadmin.page.dashboard.js HTTP/1.1" 200 3208
INFO 2020-12-03 15:57:41,971 basehttp 124 "GET /static/xadmin/vendor/font-awesome/fonts/fontawesome-webfont.woff?v=4.0.3 HTTP/1.1" 200 44432
WARNING 2020-12-03 15:57:42,021 base 93 Not Found: /favicon.ico
WARNING 2020-12-03 15:57:42,021 basehttp 124 "GET /favicon.ico HTTP/1.1" 404 2106
INFO 2020-12-03 15:57:42,705 basehttp 124 "GET /admin/logout/ HTTP/1.1" 200 2676
INFO 2020-12-03 15:57:42,740 basehttp 124 "GET /admin/jsi18n/ HTTP/1.1" 200 4170
INFO 2020-12-03 15:57:48,374 basehttp 124 "GET /admin/ HTTP/1.1" 200 4163
INFO 2020-12-03 15:57:48,405 basehttp 124 "GET /admin/jsi18n/ HTTP/1.1" 200 4170
INFO 2020-12-03 15:57:52,268 basehttp 124 "POST /admin/ HTTP/1.1" 200 4270
INFO 2020-12-03 15:57:52,306 basehttp 124 "GET /admin/jsi18n/ HTTP/1.1" 200 4170
INFO 2020-12-03 15:57:58,932 basehttp 124 "POST /admin/ HTTP/1.1" 302 0
INFO 2020-12-03 15:57:58,959 basehttp 124 "GET /admin/ HTTP/1.1" 200 9812
INFO 2020-12-03 15:57:59,001 basehttp 124 "GET /admin/jsi18n/ HTTP/1.1" 200 3185
INFO 2020-12-03 15:58:12,312 basehttp 124 "GET /admin/ HTTP/1.1" 200 9812
INFO 2020-12-03 15:58:12,367 basehttp 124 "GET /static/xadmin/vendor/bootstrap/css/bootstrap.css HTTP/1.1" 200 126432
INFO 2020-12-03 15:58:12,368 basehttp 124 "GET /static/xadmin/css/themes/bootstrap-xadmin.css HTTP/1.1" 200 1888
INFO 2020-12-03 15:58:12,371 basehttp 124 "GET /static/xadmin/vendor/font-awesome/css/font-awesome.css HTTP/1.1" 200 21658
INFO 2020-12-03 15:58:12,374 basehttp 124 "GET /static/xadmin/css/xadmin.main.css HTTP/1.1" 200 8376
INFO 2020-12-03 15:58:12,377 basehttp 124 "GET /static/xadmin/css/xadmin.plugins.css HTTP/1.1" 200 175
INFO 2020-12-03 15:58:12,379 basehttp 124 "GET /static/xadmin/css/xadmin.page.dashboard.css HTTP/1.1" 200 790
INFO 2020-12-03 15:58:12,381 basehttp 124 "GET /static/xadmin/css/xadmin.responsive.css HTTP/1.1" 200 4361
INFO 2020-12-03 15:58:12,393 basehttp 124 "GET /static/xadmin/vendor/jquery/jquery.js HTTP/1.1" 200 240196
INFO 2020-12-03 15:58:12,421 basehttp 124 "GET /admin/jsi18n/ HTTP/1.1" 200 3185
INFO 2020-12-03 15:58:12,425 basehttp 124 "GET /static/xadmin/vendor/jquery-ui/jquery.ui.core.js HTTP/1.1" 200 8195
INFO 2020-12-03 15:58:12,426 basehttp 124 "GET /static/xadmin/vendor/jquery-ui/jquery.ui.mouse.js HTTP/1.1" 200 4561
INFO 2020-12-03 15:58:12,426 basehttp 124 "GET /static/xadmin/vendor/jquery-ui/jquery.ui.widget.js HTTP/1.1" 200 15069
INFO 2020-12-03 15:58:12,427 basehttp 124 "GET /static/xadmin/vendor/jquery-ui/jquery.ui.sortable.js HTTP/1.1" 200 42543
INFO 2020-12-03 15:58:12,444 basehttp 124 "GET /static/xadmin/vendor/bootstrap/js/bootstrap.js HTTP/1.1" 200 58327
INFO 2020-12-03 15:58:12,448 basehttp 124 "GET /static/xadmin/js/xadmin.main.js HTTP/1.1" 200 3401
INFO 2020-12-03 15:58:12,454 basehttp 124 "GET /static/xadmin/js/xadmin.responsive.js HTTP/1.1" 200 4165
INFO 2020-12-03 15:58:12,457 basehttp 124 "GET /static/xadmin/js/xadmin.page.dashboard.js HTTP/1.1" 200 3208
INFO 2020-12-03 15:58:12,459 basehttp 124 "GET /static/xadmin/js/xadmin.plugin.portal.js HTTP/1.1" 200 1000
INFO 2020-12-03 15:58:12,594 basehttp 124 "GET /static/xadmin/vendor/font-awesome/fonts/fontawesome-webfont.woff?v=4.0.3 HTTP/1.1" 200 44432
WARNING 2020-12-03 15:58:12,638 base 93 Not Found: /favicon.ico
WARNING 2020-12-03 15:58:12,639 basehttp 124 "GET /favicon.ico HTTP/1.1" 404 2106
INFO 2020-12-03 15:58:15,069 basehttp 124 "GET /admin/ HTTP/1.1" 200 9812
INFO 2020-12-03 15:58:15,111 basehttp 124 "GET /static/xadmin/vendor/bootstrap/css/bootstrap.css HTTP/1.1" 200 126432
INFO 2020-12-03 15:58:15,117 basehttp 124 "GET /static/xadmin/css/themes/bootstrap-xadmin.css HTTP/1.1" 200 1888
INFO 2020-12-03 15:58:15,122 basehttp 124 "GET /static/xadmin/vendor/font-awesome/css/font-awesome.css HTTP/1.1" 200 21658
INFO 2020-12-03 15:58:15,129 basehttp 124 "GET /static/xadmin/css/xadmin.main.css HTTP/1.1" 200 8376
INFO 2020-12-03 15:58:15,131 basehttp 124 "GET /static/xadmin/css/xadmin.plugins.css HTTP/1.1" 200 175
INFO 2020-12-03 15:58:15,131 basehttp 124 "GET /static/xadmin/css/xadmin.responsive.css HTTP/1.1" 200 4361
INFO 2020-12-03 15:58:15,132 basehttp 124 "GET /static/xadmin/css/xadmin.page.dashboard.css HTTP/1.1" 200 790
INFO 2020-12-03 15:58:15,134 basehttp 124 "GET /static/xadmin/vendor/jquery/jquery.js HTTP/1.1" 200 240196
INFO 2020-12-03 15:58:15,153 basehttp 124 "GET /admin/jsi18n/ HTTP/1.1" 200 3185
INFO 2020-12-03 15:58:15,162 basehttp 124 "GET /static/xadmin/vendor/jquery-ui/jquery.ui.mouse.js HTTP/1.1" 200 4561
INFO 2020-12-03 15:58:15,162 basehttp 124 "GET /static/xadmin/vendor/jquery-ui/jquery.ui.widget.js HTTP/1.1" 200 15069
INFO 2020-12-03 15:58:15,162 basehttp 124 "GET /static/xadmin/vendor/jquery-ui/jquery.ui.core.js HTTP/1.1" 200 8195
INFO 2020-12-03 15:58:15,163 basehttp 124 "GET /static/xadmin/vendor/jquery-ui/jquery.ui.sortable.js HTTP/1.1" 200 42543
INFO 2020-12-03 15:58:15,175 basehttp 124 "GET /static/xadmin/vendor/bootstrap/js/bootstrap.js HTTP/1.1" 200 58327
INFO 2020-12-03 15:58:15,187 basehttp 124 "GET /static/xadmin/js/xadmin.main.js HTTP/1.1" 200 3401
INFO 2020-12-03 15:58:15,242 basehttp 124 "GET /static/xadmin/js/xadmin.plugin.portal.js HTTP/1.1" 200 1000
INFO 2020-12-03 15:58:15,242 basehttp 124 "GET /static/xadmin/js/xadmin.responsive.js HTTP/1.1" 200 4165
INFO 2020-12-03 15:58:15,242 basehttp 124 "GET /static/xadmin/js/xadmin.page.dashboard.js HTTP/1.1" 200 3208
INFO 2020-12-03 15:58:15,243 basehttp 124 "GET /static/xadmin/vendor/font-awesome/fonts/fontawesome-webfont.woff?v=4.0.3 HTTP/1.1" 200 44432
WARNING 2020-12-03 15:58:15,338 base 93 Not Found: /favicon.ico
WARNING 2020-12-03 15:58:15,338 basehttp 124 "GET /favicon.ico HTTP/1.1" 404 2106
INFO 2020-12-03 15:58:37,880 basehttp 124 "GET /admin/ HTTP/1.1" 200 9812
INFO 2020-12-03 15:58:37,923 basehttp 124 "GET /admin/jsi18n/ HTTP/1.1" 200 3185
INFO 2020-12-03 15:59:34,935 basehttp 124 "GET /admin HTTP/1.1" 301 0
INFO 2020-12-03 15:59:34,949 basehttp 124 "GET /admin/ HTTP/1.1" 200 4163
INFO 2020-12-03 15:59:35,017 basehttp 124 "GET /static/xadmin/css/themes/bootstrap-xadmin.css HTTP/1.1" 200 1888
INFO 2020-12-03 15:59:35,023 basehttp 124 "GET /static/xadmin/vendor/font-awesome/css/font-awesome.css HTTP/1.1" 200 21658
INFO 2020-12-03 15:59:35,027 basehttp 124 "GET /static/xadmin/css/xadmin.main.css HTTP/1.1" 200 8376
INFO 2020-12-03 15:59:35,028 basehttp 124 "GET /static/xadmin/css/xadmin.plugins.css HTTP/1.1" 200 175
INFO 2020-12-03 15:59:35,029 basehttp 124 "GET /static/xadmin/vendor/bootstrap/css/bootstrap.css HTTP/1.1" 200 126432
INFO 2020-12-03 15:59:35,030 basehttp 124 "GET /static/xadmin/css/xadmin.responsive.css HTTP/1.1" 200 4361
INFO 2020-12-03 15:59:35,032 basehttp 124 "GET /static/xadmin/vendor/jquery-ui/jquery.ui.core.js HTTP/1.1" 200 8195
INFO 2020-12-03 15:59:35,036 basehttp 124 "GET /static/xadmin/vendor/jquery-ui/jquery.ui.mouse.js HTTP/1.1" 200 4561
INFO 2020-12-03 15:59:35,037 basehttp 124 "GET /static/xadmin/vendor/jquery-ui/jquery.ui.sortable.js HTTP/1.1" 200 42543
INFO 2020-12-03 15:59:35,037 basehttp 124 "GET /static/xadmin/vendor/bootstrap/js/bootstrap.js HTTP/1.1" 200 58327
INFO 2020-12-03 15:59:35,038 basehttp 124 "GET /static/xadmin/vendor/jquery/jquery.js HTTP/1.1" 200 240196
INFO 2020-12-03 15:59:35,046 basehttp 124 "GET /static/xadmin/js/xadmin.responsive.js HTTP/1.1" 200 4165
INFO 2020-12-03 15:59:35,047 basehttp 124 "GET /static/xadmin/js/xadmin.main.js HTTP/1.1" 200 3401
INFO 2020-12-03 15:59:35,054 basehttp 124 "GET /static/xadmin/vendor/jquery-ui/jquery.ui.widget.js HTTP/1.1" 200 15069
INFO 2020-12-03 15:59:35,056 basehttp 124 "GET /admin/jsi18n/ HTTP/1.1" 200 4170
INFO 2020-12-03 15:59:35,170 basehttp 124 "GET /static/xadmin/vendor/font-awesome/fonts/fontawesome-webfont.woff?v=4.0.3 HTTP/1.1" 200 44432
WARNING 2020-12-03 15:59:35,235 base 93 Not Found: /favicon.ico
WARNING 2020-12-03 15:59:35,236 basehttp 124 "GET /favicon.ico HTTP/1.1" 404 2106
INFO 2020-12-03 15:59:41,713 basehttp 124 "POST /admin/ HTTP/1.1" 302 0
INFO 2020-12-03 15:59:41,742 basehttp 124 "GET /admin/ HTTP/1.1" 200 9812
INFO 2020-12-03 15:59:41,764 basehttp 124 "GET /static/xadmin/css/xadmin.page.dashboard.css HTTP/1.1" 200 790
INFO 2020-12-03 15:59:41,773 basehttp 124 "GET /static/xadmin/js/xadmin.plugin.portal.js HTTP/1.1" 200 1000
INFO 2020-12-03 15:59:41,774 basehttp 124 "GET /static/xadmin/js/xadmin.page.dashboard.js HTTP/1.1" 200 3208
INFO 2020-12-03 15:59:41,778 basehttp 124 "GET /admin/jsi18n/ HTTP/1.1" 200 3185
INFO 2020-12-03 16:01:57,895 basehttp 124 "GET /admin/ HTTP/1.1" 200 9812
INFO 2020-12-03 16:01:57,922 basehttp 124 "GET /static/xadmin/vendor/bootstrap/css/bootstrap.css HTTP/1.1" 304 0
INFO 2020-12-03 16:01:57,932 basehttp 124 "GET /static/xadmin/css/xadmin.plugins.css HTTP/1.1" 304 0
INFO 2020-12-03 16:01:57,932 basehttp 124 "GET /static/xadmin/vendor/font-awesome/css/font-awesome.css HTTP/1.1" 304 0
INFO 2020-12-03 16:01:57,932 basehttp 124 "GET /static/xadmin/css/xadmin.main.css HTTP/1.1" 304 0
INFO 2020-12-03 16:01:57,932 basehttp 124 "GET /static/xadmin/css/themes/bootstrap-xadmin.css HTTP/1.1" 304 0
INFO 2020-12-03 16:01:57,933 basehttp 124 "GET /static/xadmin/css/xadmin.responsive.css HTTP/1.1" 304 0
INFO 2020-12-03 16:01:57,934 basehttp 124 "GET /static/xadmin/css/xadmin.page.dashboard.css HTTP/1.1" 304 0
INFO 2020-12-03 16:01:57,941 basehttp 124 "GET /static/xadmin/vendor/jquery-ui/jquery.ui.sortable.js HTTP/1.1" 304 0
INFO 2020-12-03 16:01:57,941 basehttp 124 "GET /static/xadmin/vendor/jquery-ui/jquery.ui.mouse.js HTTP/1.1" 304 0
INFO 2020-12-03 16:01:57,942 basehttp 124 "GET /static/xadmin/vendor/bootstrap/js/bootstrap.js HTTP/1.1" 304 0
INFO 2020-12-03 16:01:57,943 basehttp 124 "GET /static/xadmin/js/xadmin.page.dashboard.js HTTP/1.1" 304 0
INFO 2020-12-03 16:01:57,943 basehttp 124 "GET /static/xadmin/js/xadmin.responsive.js HTTP/1.1" 304 0
INFO 2020-12-03 16:01:57,944 basehttp 124 "GET /static/xadmin/js/xadmin.plugin.portal.js HTTP/1.1" 304 0
INFO 2020-12-03 16:01:57,950 basehttp 124 "GET /static/xadmin/vendor/jquery-ui/jquery.ui.widget.js HTTP/1.1" 304 0
INFO 2020-12-03 16:01:57,952 basehttp 124 "GET /static/xadmin/vendor/jquery/jquery.js HTTP/1.1" 304 0
INFO 2020-12-03 16:01:57,952 basehttp 124 "GET /static/xadmin/js/xadmin.main.js HTTP/1.1" 304 0
INFO 2020-12-03 16:01:57,953 basehttp 124 "GET /static/xadmin/vendor/jquery-ui/jquery.ui.core.js HTTP/1.1" 304 0
INFO 2020-12-03 16:01:57,958 basehttp 124 "GET /admin/jsi18n/ HTTP/1.1" 200 3185
INFO 2020-12-03 16:01:58,000 basehttp 124 "GET /static/xadmin/vendor/font-awesome/fonts/fontawesome-webfont.woff?v=4.0.3 HTTP/1.1" 304 0
INFO 2020-12-03 16:02:02,549 basehttp 124 "GET /admin/ HTTP/1.1" 200 9812
INFO 2020-12-03 16:02:02,581 basehttp 124 "GET /admin/jsi18n/ HTTP/1.1" 200 3185
INFO 2020-12-03 16:02:52,715 basehttp 124 "GET /admin/ HTTP/1.1" 200 9812
INFO 2020-12-03 16:02:52,745 basehttp 124 "GET /admin/jsi18n/ HTTP/1.1" 200 3185
INFO 2020-12-03 16:02:55,875 basehttp 124 "GET /admin/ HTTP/1.1" 200 9812
INFO 2020-12-03 16:02:55,947 basehttp 124 "GET /admin/jsi18n/ HTTP/1.1" 200 3185
INFO 2020-12-03 16:03:06,192 basehttp 124 "GET /admin/ HTTP/1.1" 200 9812
INFO 2020-12-03 16:03:06,216 basehttp 124 "GET /static/xadmin/vendor/bootstrap/css/bootstrap.css HTTP/1.1" 200 126432
INFO 2020-12-03 16:03:06,228 basehttp 124 "GET /static/xadmin/css/themes/bootstrap-xadmin.css HTTP/1.1" 200 1888
INFO 2020-12-03 16:03:06,230 basehttp 124 "GET /static/xadmin/css/xadmin.main.css HTTP/1.1" 200 8376
INFO 2020-12-03 16:03:06,231 basehttp 124 "GET /static/xadmin/vendor/font-awesome/css/font-awesome.css HTTP/1.1" 200 21658
INFO 2020-12-03 16:03:06,231 basehttp 124 "GET /static/xadmin/css/xadmin.plugins.css HTTP/1.1" 200 175
INFO 2020-12-03 16:03:06,233 basehttp 124 "GET /static/xadmin/css/xadmin.responsive.css HTTP/1.1" 200 4361
INFO 2020-12-03 16:03:06,234 basehttp 124 "GET /static/xadmin/css/xadmin.page.dashboard.css HTTP/1.1" 200 790
INFO 2020-12-03 16:03:06,239 basehttp 124 "GET /static/xadmin/vendor/jquery-ui/jquery.ui.widget.js HTTP/1.1" 200 15069
INFO 2020-12-03 16:03:06,240 basehttp 124 "GET /static/xadmin/js/xadmin.main.js HTTP/1.1" 200 3401
INFO 2020-12-03 16:03:06,241 basehttp 124 "GET /static/xadmin/vendor/jquery-ui/jquery.ui.sortable.js HTTP/1.1" 200 42543
INFO 2020-12-03 16:03:06,242 basehttp 124 "GET /static/xadmin/js/xadmin.page.dashboard.js HTTP/1.1" 200 3208
INFO 2020-12-03 16:03:06,242 basehttp 124 "GET /static/xadmin/js/xadmin.plugin.portal.js HTTP/1.1" 200 1000
INFO 2020-12-03 16:03:06,243 basehttp 124 "GET /static/xadmin/vendor/jquery/jquery.js HTTP/1.1" 200 240196
INFO 2020-12-03 16:03:06,261 basehttp 124 "GET /static/xadmin/vendor/jquery-ui/jquery.ui.mouse.js HTTP/1.1" 200 4561
INFO 2020-12-03 16:03:06,261 basehttp 124 "GET /static/xadmin/vendor/jquery-ui/jquery.ui.core.js HTTP/1.1" 200 8195
INFO 2020-12-03 16:03:06,267 basehttp 124 "GET /admin/jsi18n/ HTTP/1.1" 200 3185
INFO 2020-12-03 16:03:06,268 basehttp 124 "GET /static/xadmin/js/xadmin.responsive.js HTTP/1.1" 200 4165
INFO 2020-12-03 16:03:06,269 basehttp 124 "GET /static/xadmin/vendor/bootstrap/js/bootstrap.js HTTP/1.1" 200 58327
INFO 2020-12-03 16:03:06,287 basehttp 124 "GET /static/xadmin/vendor/font-awesome/fonts/fontawesome-webfont.woff?v=4.0.3 HTTP/1.1" 200 44432
WARNING 2020-12-03 16:03:06,317 base 93 Not Found: /favicon.ico
WARNING 2020-12-03 16:03:06,317 basehttp 124 "GET /favicon.ico HTTP/1.1" 404 2106
INFO 2020-12-03 16:03:23,516 basehttp 124 "GET /admin/ HTTP/1.1" 200 14358
INFO 2020-12-03 16:03:23,557 basehttp 124 "GET /static/xadmin/vendor/bootstrap/css/bootstrap.css HTTP/1.1" 304 0
INFO 2020-12-03 16:03:23,558 basehttp 124 "GET /static/xadmin/css/themes/bootstrap-xadmin.css HTTP/1.1" 304 0
INFO 2020-12-03 16:03:23,564 basehttp 124 "GET /static/xadmin/css/xadmin.main.css HTTP/1.1" 304 0
INFO 2020-12-03 16:03:23,565 basehttp 124 "GET /static/xadmin/vendor/font-awesome/css/font-awesome.css HTTP/1.1" 304 0
INFO 2020-12-03 16:03:23,567 basehttp 124 "GET /static/xadmin/css/xadmin.responsive.css HTTP/1.1" 304 0
INFO 2020-12-03 16:03:23,568 basehttp 124 "GET /static/xadmin/css/xadmin.page.dashboard.css HTTP/1.1" 304 0
INFO 2020-12-03 16:03:23,570 basehttp 124 "GET /static/xadmin/css/xadmin.plugins.css HTTP/1.1" 304 0
INFO 2020-12-03 16:03:23,570 basehttp 124 "GET /static/xadmin/vendor/jquery/jquery.js HTTP/1.1" 304 0
INFO 2020-12-03 16:03:23,573 basehttp 124 "GET /static/xadmin/vendor/jquery-ui/jquery.ui.core.js HTTP/1.1" 304 0
INFO 2020-12-03 16:03:23,577 basehttp 124 "GET /static/xadmin/vendor/jquery-ui/jquery.ui.mouse.js HTTP/1.1" 304 0
INFO 2020-12-03 16:03:23,584 basehttp 124 "GET /static/xadmin/js/xadmin.main.js HTTP/1.1" 304 0
INFO 2020-12-03 16:03:23,585 basehttp 124 "GET /static/xadmin/js/xadmin.responsive.js HTTP/1.1" 304 0
INFO 2020-12-03 16:03:23,587 basehttp 124 "GET /static/xadmin/js/xadmin.plugin.portal.js HTTP/1.1" 304 0
INFO 2020-12-03 16:03:23,588 basehttp 124 "GET /static/xadmin/vendor/jquery-ui/jquery.ui.effect.js HTTP/1.1" 200 31918
INFO 2020-12-03 16:03:23,590 basehttp 124 "GET /static/xadmin/vendor/jquery-ui/jquery.ui.widget.js HTTP/1.1" 304 0
INFO 2020-12-03 16:03:23,600 basehttp 124 "GET /static/xadmin/vendor/jquery-ui/jquery.ui.sortable.js HTTP/1.1" 304 0
INFO 2020-12-03 16:03:23,604 basehttp 124 "GET /static/xadmin/vendor/bootstrap/js/bootstrap.js HTTP/1.1" 304 0
INFO 2020-12-03 16:03:23,604 basehttp 124 "GET /admin/jsi18n/ HTTP/1.1" 200 3185
INFO 2020-12-03 16:03:23,605 basehttp 124 "GET /static/xadmin/js/xadmin.page.dashboard.js HTTP/1.1" 304 0
INFO 2020-12-03 16:03:23,606 basehttp 124 "GET /static/xadmin/js/xadmin.plugin.themes.js HTTP/1.1" 200 3489
INFO 2020-12-03 16:03:39,783 basehttp 124 "GET /admin/home/banner/ HTTP/1.1" 200 23917
INFO 2020-12-03 16:03:39,815 basehttp 124 "GET /static/xadmin/css/xadmin.form.css HTTP/1.1" 200 3763
INFO 2020-12-03 16:03:39,823 basehttp 124 "GET /static/xadmin/js/xadmin.plugin.details.js HTTP/1.1" 200 2319
INFO 2020-12-03 16:03:39,833 basehttp 124 "GET /static/xadmin/js/xadmin.plugin.bookmark.js HTTP/1.1" 200 529
INFO 2020-12-03 16:03:39,834 basehttp 124 "GET /admin/jsi18n/ HTTP/1.1" 200 3185
INFO 2020-12-03 16:03:39,834 basehttp 124 "GET /static/xadmin/js/xadmin.plugin.filters.js HTTP/1.1" 200 1990
INFO 2020-12-03 16:03:39,835 basehttp 124 "GET /static/xadmin/js/xadmin.page.list.js HTTP/1.1" 200 1105
INFO 2020-12-03 16:03:39,835 basehttp 124 "GET /static/xadmin/js/xadmin.page.form.js HTTP/1.1" 200 1948
INFO 2020-12-03 16:03:46,994 basehttp 124 "GET /admin/home/banner/add/ HTTP/1.1" 200 19399
INFO 2020-12-03 16:03:47,018 basehttp 124 "GET /static/xadmin/vendor/bootstrap-image-gallery/css/bootstrap-image-gallery.css HTTP/1.1" 200 3339
INFO 2020-12-03 16:03:47,025 basehttp 124 "GET /static/xadmin/vendor/load-image/load-image.js HTTP/1.1" 200 8309
INFO 2020-12-03 16:03:47,027 basehttp 124 "GET /static/xadmin/vendor/bootstrap-image-gallery/js/bootstrap-image-gallery.js HTTP/1.1" 200 15611
INFO 2020-12-03 16:03:47,031 basehttp 124 "GET /admin/jsi18n/ HTTP/1.1" 200 3185
ERROR 2020-12-03 16:04:49,716 exception 118 Internal Server Error: /admin/home/banner/add/
Traceback (most recent call last):
  File "D:\envs\drf_env\lib\site-packages\django\core\handlers\exception.py", line 35, in inner
    response = get_response(request)
  File "D:\envs\drf_env\lib\site-packages\django\core\handlers\base.py", line 128, in _get_response
    response = self.process_exception_by_middleware(e, request)
  File "D:\envs\drf_env\lib\site-packages\django\core\handlers\base.py", line 126, in _get_response
    response = wrapped_callback(request, *callback_args, **callback_kwargs)
  File "D:\envs\drf_env\lib\site-packages\xadmin\sites.py", line 300, in wrapper
    return self.admin_view(view, cacheable)(*args, **kwargs)
  File "D:\envs\drf_env\lib\site-packages\django\views\decorators\cache.py", line 44, in _wrapped_view_func
    response = view_func(request, *args, **kwargs)
  File "D:\envs\drf_env\lib\site-packages\xadmin\sites.py", line 208, in inner
    return view(request, *args, **kwargs)
  File "D:\envs\drf_env\lib\site-packages\xadmin\views\base.py", line 282, in view
    return handler(request, *args, **kwargs)
  File "D:\envs\drf_env\lib\site-packages\django\utils\decorators.py", line 62, in _wrapper
    return bound_func(*args, **kwargs)
  File "D:\envs\drf_env\lib\site-packages\django\utils\decorators.py", line 142, in _wrapped_view
    response = view_func(request, *args, **kwargs)
  File "D:\envs\drf_env\lib\site-packages\django\utils\decorators.py", line 58, in bound_func
    return func.__get__(self, type(self))(*args2, **kwargs2)
  File "c:\users\504教师机\appdata\local\programs\python\python36\lib\contextlib.py", line 52, in inner
    return func(*args, **kwds)
  File "D:\envs\drf_env\lib\site-packages\xadmin\views\base.py", line 80, in method
    return filter_chain(filters, len(filters) - 1, _inner_method, *args, **kwargs)
  File "D:\envs\drf_env\lib\site-packages\xadmin\views\base.py", line 49, in filter_chain
    return func()
  File "D:\envs\drf_env\lib\site-packages\xadmin\views\base.py", line 74, in _inner_method
    return func(self, *args, **kwargs)
  File "D:\envs\drf_env\lib\site-packages\xadmin\views\edit.py", line 290, in post
    if self.valid_forms():
  File "D:\envs\drf_env\lib\site-packages\xadmin\views\base.py", line 80, in method
    return filter_chain(filters, len(filters) - 1, _inner_method, *args, **kwargs)
  File "D:\envs\drf_env\lib\site-packages\xadmin\views\base.py", line 63, in filter_chain
    return filter_chain(filters, token - 1, _inner_method, *args, **kwargs)
  File "D:\envs\drf_env\lib\site-packages\xadmin\views\base.py", line 49, in filter_chain
    return func()
  File "D:\envs\drf_env\lib\site-packages\xadmin\views\base.py", line 62, in _inner_method
    return fm(func if fargs[1] == '__' else func(), *args, **kwargs)
  File "D:\envs\drf_env\lib\site-packages\xadmin\views\base.py", line 74, in _inner_method
    return func(self, *args, **kwargs)
  File "D:\envs\drf_env\lib\site-packages\xadmin\views\edit.py", line 154, in valid_forms
    return self.form_obj.is_valid()
  File "D:\envs\drf_env\lib\site-packages\django\forms\forms.py", line 179, in is_valid
    return self.is_bound and not self.errors
  File "D:\envs\drf_env\lib\site-packages\django\forms\forms.py", line 174, in errors
    self.full_clean()
  File "D:\envs\drf_env\lib\site-packages\django\forms\forms.py", line 376, in full_clean
    self._clean_fields()
  File "D:\envs\drf_env\lib\site-packages\django\forms\forms.py", line 392, in _clean_fields
    value = field.clean(value, initial)
  File "D:\envs\drf_env\lib\site-packages\django\forms\fields.py", line 578, in clean
    return super().clean(data)
  File "D:\envs\drf_env\lib\site-packages\django\forms\fields.py", line 148, in clean
    value = self.to_python(value)
  File "D:\envs\drf_env\lib\site-packages\django\forms\fields.py", line 607, in to_python
    f = super().to_python(data)
  File "D:\envs\drf_env\lib\site-packages\django\forms\fields.py", line 551, in to_python
    if self.max_length is not None and len(file_name) > self.max_length:
TypeError: '>' not supported between instances of 'int' and 'str'
ERROR 2020-12-03 16:04:49,873 basehttp 124 "POST /admin/home/banner/add/ HTTP/1.1" 500 184128
INFO 2020-12-03 16:05:02,106 basehttp 124 "GET /admin/home/banner/add/ HTTP/1.1" 200 19399
INFO 2020-12-03 16:06:21,250 basehttp 124 "GET /admin/home/banner/ HTTP/1.1" 200 23917
INFO 2020-12-03 16:06:21,281 basehttp 124 "GET /static/xadmin/vendor/bootstrap/css/bootstrap.css HTTP/1.1" 304 0
INFO 2020-12-03 16:06:21,301 basehttp 124 "GET /static/xadmin/css/xadmin.form.css HTTP/1.1" 304 0
INFO 2020-12-03 16:06:21,301 basehttp 124 "GET /static/xadmin/vendor/font-awesome/css/font-awesome.css HTTP/1.1" 304 0
INFO 2020-12-03 16:06:21,302 basehttp 124 "GET /static/xadmin/css/themes/bootstrap-xadmin.css HTTP/1.1" 304 0
INFO 2020-12-03 16:06:21,302 basehttp 124 "GET /static/xadmin/css/xadmin.plugins.css HTTP/1.1" 304 0
INFO 2020-12-03 16:06:21,302 basehttp 124 "GET /static/xadmin/css/xadmin.responsive.css HTTP/1.1" 304 0
INFO 2020-12-03 16:06:21,302 basehttp 124 "GET /static/xadmin/css/xadmin.main.css HTTP/1.1" 304 0
INFO 2020-12-03 16:06:21,310 basehttp 124 "GET /static/xadmin/vendor/jquery-ui/jquery.ui.core.js HTTP/1.1" 304 0
INFO 2020-12-03 16:06:21,312 basehttp 124 "GET /static/xadmin/vendor/jquery-ui/jquery.ui.widget.js HTTP/1.1" 304 0
INFO 2020-12-03 16:06:21,318 basehttp 124 "GET /static/xadmin/vendor/jquery-ui/jquery.ui.mouse.js HTTP/1.1" 304 0
INFO 2020-12-03 16:06:21,319 basehttp 124 "GET /static/xadmin/js/xadmin.main.js HTTP/1.1" 304 0
INFO 2020-12-03 16:06:21,321 basehttp 124 "GET /static/xadmin/vendor/jquery-ui/jquery.ui.sortable.js HTTP/1.1" 304 0
INFO 2020-12-03 16:06:21,322 basehttp 124 "GET /static/xadmin/vendor/jquery-ui/jquery.ui.effect.js HTTP/1.1" 304 0
INFO 2020-12-03 16:06:21,324 basehttp 124 "GET /static/xadmin/vendor/bootstrap/js/bootstrap.js HTTP/1.1" 304 0
INFO 2020-12-03 16:06:21,325 basehttp 124 "GET /static/xadmin/js/xadmin.plugin.details.js HTTP/1.1" 304 0
INFO 2020-12-03 16:06:21,326 basehttp 124 "GET /static/xadmin/vendor/jquery/jquery.js HTTP/1.1" 304 0
INFO 2020-12-03 16:06:21,332 basehttp 124 "GET /static/xadmin/js/xadmin.plugin.themes.js HTTP/1.1" 304 0
INFO 2020-12-03 16:06:21,335 basehttp 124 "GET /static/xadmin/js/xadmin.plugin.bookmark.js HTTP/1.1" 304 0
INFO 2020-12-03 16:06:21,335 basehttp 124 "GET /static/xadmin/js/xadmin.page.form.js HTTP/1.1" 304 0
INFO 2020-12-03 16:06:21,338 basehttp 124 "GET /static/xadmin/js/xadmin.page.list.js HTTP/1.1" 304 0
INFO 2020-12-03 16:06:21,343 basehttp 124 "GET /static/xadmin/js/xadmin.responsive.js HTTP/1.1" 304 0
INFO 2020-12-03 16:06:21,346 basehttp 124 "GET /admin/jsi18n/ HTTP/1.1" 200 3185
INFO 2020-12-03 16:06:21,347 basehttp 124 "GET /static/xadmin/js/xadmin.plugin.filters.js HTTP/1.1" 304 0
INFO 2020-12-03 16:06:21,411 basehttp 124 "GET /static/xadmin/vendor/font-awesome/fonts/fontawesome-webfont.woff?v=4.0.3 HTTP/1.1" 304 0
INFO 2020-12-03 16:06:22,846 basehttp 124 "GET /admin/home/banner/add/ HTTP/1.1" 200 19399
INFO 2020-12-03 16:06:22,873 basehttp 124 "GET /static/xadmin/vendor/bootstrap-image-gallery/css/bootstrap-image-gallery.css HTTP/1.1" 304 0
INFO 2020-12-03 16:06:22,879 basehttp 124 "GET /static/xadmin/vendor/load-image/load-image.js HTTP/1.1" 304 0
INFO 2020-12-03 16:06:22,882 basehttp 124 "GET /static/xadmin/vendor/bootstrap-image-gallery/js/bootstrap-image-gallery.js HTTP/1.1" 304 0
INFO 2020-12-03 16:06:22,885 basehttp 124 "GET /admin/jsi18n/ HTTP/1.1" 200 3185
INFO 2020-12-03 16:06:22,885 basehttp 124 "GET /static/xadmin/js/xadmin.plugin.portal.js HTTP/1.1" 304 0
ERROR 2020-12-03 16:06:58,063 exception 118 Internal Server Error: /admin/home/banner/add/
Traceback (most recent call last):
  File "D:\envs\drf_env\lib\site-packages\django\core\handlers\exception.py", line 35, in inner
    response = get_response(request)
  File "D:\envs\drf_env\lib\site-packages\django\core\handlers\base.py", line 128, in _get_response
    response = self.process_exception_by_middleware(e, request)
  File "D:\envs\drf_env\lib\site-packages\django\core\handlers\base.py", line 126, in _get_response
    response = wrapped_callback(request, *callback_args, **callback_kwargs)
  File "D:\envs\drf_env\lib\site-packages\xadmin\sites.py", line 300, in wrapper
    return self.admin_view(view, cacheable)(*args, **kwargs)
  File "D:\envs\drf_env\lib\site-packages\django\views\decorators\cache.py", line 44, in _wrapped_view_func
    response = view_func(request, *args, **kwargs)
  File "D:\envs\drf_env\lib\site-packages\xadmin\sites.py", line 208, in inner
    return view(request, *args, **kwargs)
  File "D:\envs\drf_env\lib\site-packages\xadmin\views\base.py", line 282, in view
    return handler(request, *args, **kwargs)
  File "D:\envs\drf_env\lib\site-packages\django\utils\decorators.py", line 62, in _wrapper
    return bound_func(*args, **kwargs)
  File "D:\envs\drf_env\lib\site-packages\django\utils\decorators.py", line 142, in _wrapped_view
    response = view_func(request, *args, **kwargs)
  File "D:\envs\drf_env\lib\site-packages\django\utils\decorators.py", line 58, in bound_func
    return func.__get__(self, type(self))(*args2, **kwargs2)
  File "c:\users\504教师机\appdata\local\programs\python\python36\lib\contextlib.py", line 52, in inner
    return func(*args, **kwds)
  File "D:\envs\drf_env\lib\site-packages\xadmin\views\base.py", line 80, in method
    return filter_chain(filters, len(filters) - 1, _inner_method, *args, **kwargs)
  File "D:\envs\drf_env\lib\site-packages\xadmin\views\base.py", line 49, in filter_chain
    return func()
  File "D:\envs\drf_env\lib\site-packages\xadmin\views\base.py", line 74, in _inner_method
    return func(self, *args, **kwargs)
  File "D:\envs\drf_env\lib\site-packages\xadmin\views\edit.py", line 290, in post
    if self.valid_forms():
  File "D:\envs\drf_env\lib\site-packages\xadmin\views\base.py", line 80, in method
    return filter_chain(filters, len(filters) - 1, _inner_method, *args, **kwargs)
  File "D:\envs\drf_env\lib\site-packages\xadmin\views\base.py", line 63, in filter_chain
    return filter_chain(filters, token - 1, _inner_method, *args, **kwargs)
  File "D:\envs\drf_env\lib\site-packages\xadmin\views\base.py", line 49, in filter_chain
    return func()
  File "D:\envs\drf_env\lib\site-packages\xadmin\views\base.py", line 62, in _inner_method
    return fm(func if fargs[1] == '__' else func(), *args, **kwargs)
  File "D:\envs\drf_env\lib\site-packages\xadmin\views\base.py", line 74, in _inner_method
    return func(self, *args, **kwargs)
  File "D:\envs\drf_env\lib\site-packages\xadmin\views\edit.py", line 154, in valid_forms
    return self.form_obj.is_valid()
  File "D:\envs\drf_env\lib\site-packages\django\forms\forms.py", line 179, in is_valid
    return self.is_bound and not self.errors
  File "D:\envs\drf_env\lib\site-packages\django\forms\forms.py", line 174, in errors
    self.full_clean()
  File "D:\envs\drf_env\lib\site-packages\django\forms\forms.py", line 376, in full_clean
    self._clean_fields()
  File "D:\envs\drf_env\lib\site-packages\django\forms\forms.py", line 392, in _clean_fields
    value = field.clean(value, initial)
  File "D:\envs\drf_env\lib\site-packages\django\forms\fields.py", line 578, in clean
    return super().clean(data)
  File "D:\envs\drf_env\lib\site-packages\django\forms\fields.py", line 148, in clean
    value = self.to_python(value)
  File "D:\envs\drf_env\lib\site-packages\django\forms\fields.py", line 607, in to_python
    f = super().to_python(data)
  File "D:\envs\drf_env\lib\site-packages\django\forms\fields.py", line 551, in to_python
    if self.max_length is not None and len(file_name) > self.max_length:
TypeError: '>' not supported between instances of 'int' and 'str'
ERROR 2020-12-03 16:06:58,136 basehttp 124 "POST /admin/home/banner/add/ HTTP/1.1" 500 184128
INFO 2020-12-03 16:07:00,732 basehttp 124 "GET /admin/home/banner/add/ HTTP/1.1" 200 19399
INFO 2020-12-03 16:07:47,869 basehttp 124 "GET /admin/home/banner/add/ HTTP/1.1" 200 19807
INFO 2020-12-03 16:07:49,366 basehttp 124 "GET /admin/jsi18n/ HTTP/1.1" 200 3185
INFO 2020-12-03 16:07:53,942 basehttp 124 "GET /admin/home/nav/ HTTP/1.1" 200 24761
INFO 2020-12-03 16:07:53,973 basehttp 124 "GET /admin/jsi18n/ HTTP/1.1" 200 3185
INFO 2020-12-03 16:07:55,719 basehttp 124 "GET /admin/home/nav/add/ HTTP/1.1" 200 19155
INFO 2020-12-03 16:07:55,747 basehttp 124 "GET /static/xadmin/vendor/select2/select2.css HTTP/1.1" 200 19226
INFO 2020-12-03 16:07:55,750 basehttp 124 "GET /static/xadmin/vendor/selectize/selectize.css HTTP/1.1" 200 8425
INFO 2020-12-03 16:07:55,757 basehttp 124 "GET /static/xadmin/vendor/selectize/selectize.bootstrap3.css HTTP/1.1" 200 10602
INFO 2020-12-03 16:07:55,765 basehttp 124 "GET /admin/jsi18n/ HTTP/1.1" 200 3185
INFO 2020-12-03 16:07:55,767 basehttp 124 "GET /static/xadmin/vendor/selectize/selectize.js HTTP/1.1" 200 98602
INFO 2020-12-03 16:07:55,768 basehttp 124 "GET /static/xadmin/vendor/select2/select2.js HTTP/1.1" 200 104906
WARNING 2020-12-03 16:07:55,770 basehttp 124 "GET /static/xadmin/vendor/select2/select2_locale_en-us.js HTTP/1.1" 404 1767
INFO 2020-12-03 16:07:55,773 basehttp 124 "GET /static/xadmin/js/xadmin.widget.select.js HTTP/1.1" 200 1344
INFO 2020-12-03 16:08:10,943 basehttp 124 "POST /admin/home/nav/add/ HTTP/1.1" 302 0
INFO 2020-12-03 16:08:11,013 basehttp 124 "GET /admin/home/nav/ HTTP/1.1" 200 28783
INFO 2020-12-03 16:08:11,038 basehttp 124 "GET /static/xadmin/vendor/bootstrap/css/bootstrap.css HTTP/1.1" 304 0
INFO 2020-12-03 16:08:11,042 basehttp 124 "GET /static/xadmin/css/themes/bootstrap-xadmin.css HTTP/1.1" 304 0
INFO 2020-12-03 16:08:11,046 basehttp 124 "GET /static/xadmin/vendor/font-awesome/css/font-awesome.css HTTP/1.1" 304 0
INFO 2020-12-03 16:08:11,048 basehttp 124 "GET /static/xadmin/css/xadmin.main.css HTTP/1.1" 304 0
INFO 2020-12-03 16:08:11,050 basehttp 124 "GET /static/xadmin/css/xadmin.plugins.css HTTP/1.1" 304 0
INFO 2020-12-03 16:08:11,053 basehttp 124 "GET /static/xadmin/css/xadmin.responsive.css HTTP/1.1" 304 0
INFO 2020-12-03 16:08:11,058 basehttp 124 "GET /static/xadmin/css/xadmin.form.css HTTP/1.1" 304 0
INFO 2020-12-03 16:08:11,058 basehttp 124 "GET /static/xadmin/vendor/jquery-ui/jquery.ui.widget.js HTTP/1.1" 304 0
INFO 2020-12-03 16:08:11,059 basehttp 124 "GET /static/xadmin/vendor/jquery/jquery.js HTTP/1.1" 304 0
INFO 2020-12-03 16:08:11,061 basehttp 124 "GET /static/xadmin/vendor/jquery-ui/jquery.ui.mouse.js HTTP/1.1" 304 0
INFO 2020-12-03 16:08:11,063 basehttp 124 "GET /static/xadmin/js/xadmin.main.js HTTP/1.1" 304 0
INFO 2020-12-03 16:08:11,065 basehttp 124 "GET /static/xadmin/js/xadmin.plugin.actions.js HTTP/1.1" 200 4198
INFO 2020-12-03 16:08:11,066 basehttp 124 "GET /static/xadmin/js/xadmin.plugin.details.js HTTP/1.1" 304 0
INFO 2020-12-03 16:08:11,069 basehttp 124 "GET /static/xadmin/js/xadmin.plugin.filters.js HTTP/1.1" 304 0
INFO 2020-12-03 16:08:11,071 basehttp 124 "GET /static/xadmin/js/xadmin.page.list.js HTTP/1.1" 304 0
INFO 2020-12-03 16:08:11,082 basehttp 124 "GET /static/xadmin/js/xadmin.responsive.js HTTP/1.1" 304 0
INFO 2020-12-03 16:08:11,085 basehttp 124 "GET /static/xadmin/js/xadmin.plugin.themes.js HTTP/1.1" 304 0
INFO 2020-12-03 16:08:11,089 basehttp 124 "GET /static/xadmin/js/xadmin.plugin.bookmark.js HTTP/1.1" 304 0
INFO 2020-12-03 16:08:11,089 basehttp 124 "GET /static/xadmin/vendor/jquery-ui/jquery.ui.sortable.js HTTP/1.1" 304 0
INFO 2020-12-03 16:08:11,090 basehttp 124 "GET /admin/jsi18n/ HTTP/1.1" 200 3185
INFO 2020-12-03 16:08:11,092 basehttp 124 "GET /static/xadmin/vendor/jquery-ui/jquery.ui.effect.js HTTP/1.1" 304 0
INFO 2020-12-03 16:08:11,094 basehttp 124 "GET /static/xadmin/js/xadmin.page.form.js HTTP/1.1" 304 0
INFO 2020-12-03 16:08:11,102 basehttp 124 "GET /static/xadmin/vendor/bootstrap/js/bootstrap.js HTTP/1.1" 304 0
INFO 2020-12-03 16:08:11,105 basehttp 124 "GET /static/xadmin/vendor/jquery-ui/jquery.ui.core.js HTTP/1.1" 304 0
INFO 2020-12-03 16:08:57,275 basehttp 124 "GET /admin/home/banner/ HTTP/1.1" 200 24325
INFO 2020-12-03 16:08:57,318 basehttp 124 "GET /admin/jsi18n/ HTTP/1.1" 200 3185
INFO 2020-12-03 16:08:58,590 basehttp 124 "GET /admin/home/banner/add/ HTTP/1.1" 200 19807
INFO 2020-12-03 16:08:58,621 basehttp 124 "GET /static/xadmin/vendor/load-image/load-image.js HTTP/1.1" 304 0
INFO 2020-12-03 16:08:58,622 basehttp 124 "GET /static/xadmin/vendor/bootstrap-image-gallery/css/bootstrap-image-gallery.css HTTP/1.1" 304 0
INFO 2020-12-03 16:08:58,627 basehttp 124 "GET /static/xadmin/js/xadmin.plugin.portal.js HTTP/1.1" 304 0
INFO 2020-12-03 16:08:58,627 basehttp 124 "GET /static/xadmin/vendor/bootstrap-image-gallery/js/bootstrap-image-gallery.js HTTP/1.1" 304 0
INFO 2020-12-03 16:08:58,631 basehttp 124 "GET /admin/jsi18n/ HTTP/1.1" 200 3185
INFO 2020-12-03 16:09:08,519 basehttp 124 "POST /admin/home/banner/add/ HTTP/1.1" 302 0
INFO 2020-12-03 16:09:08,597 basehttp 124 "GET /admin/home/banner/add/ HTTP/1.1" 200 20144
INFO 2020-12-03 16:09:08,627 basehttp 124 "GET /admin/jsi18n/ HTTP/1.1" 200 3185
INFO 2020-12-03 16:09:42,739 basehttp 124 "POST /admin/home/banner/add/ HTTP/1.1" 302 0
INFO 2020-12-03 16:09:42,824 basehttp 124 "GET /admin/home/banner/add/ HTTP/1.1" 200 20153
INFO 2020-12-03 16:09:42,855 basehttp 124 "GET /admin/jsi18n/ HTTP/1.1" 200 3185
INFO 2020-12-03 16:09:56,884 basehttp 124 "POST /admin/home/banner/add/ HTTP/1.1" 302 0
INFO 2020-12-03 16:09:56,969 basehttp 124 "GET /admin/home/banner/ HTTP/1.1" 200 29522
INFO 2020-12-03 16:09:57,007 basehttp 124 "GET /admin/jsi18n/ HTTP/1.1" 200 3185
INFO 2020-12-03 16:10:04,508 basehttp 124 "GET /admin/home/banner/?_cols=title.orders.is_show.img HTTP/1.1" 200 31596
INFO 2020-12-03 16:10:04,539 basehttp 124 "GET /static/xadmin/vendor/bootstrap/css/bootstrap.css HTTP/1.1" 304 0
INFO 2020-12-03 16:10:04,543 basehttp 124 "GET /static/xadmin/vendor/font-awesome/css/font-awesome.css HTTP/1.1" 304 0
INFO 2020-12-03 16:10:04,544 basehttp 124 "GET /static/xadmin/css/themes/bootstrap-xadmin.css HTTP/1.1" 304 0
INFO 2020-12-03 16:10:04,555 basehttp 124 "GET /static/xadmin/css/xadmin.main.css HTTP/1.1" 304 0
INFO 2020-12-03 16:10:04,556 basehttp 124 "GET /static/xadmin/css/xadmin.form.css HTTP/1.1" 304 0
INFO 2020-12-03 16:10:04,556 basehttp 124 "GET /static/xadmin/css/xadmin.plugins.css HTTP/1.1" 304 0
INFO 2020-12-03 16:10:04,556 basehttp 124 "GET /static/xadmin/vendor/jquery/jquery.js HTTP/1.1" 304 0
INFO 2020-12-03 16:10:04,556 basehttp 124 "GET /static/xadmin/css/xadmin.responsive.css HTTP/1.1" 304 0
INFO 2020-12-03 16:10:04,566 basehttp 124 "GET /admin/jsi18n/ HTTP/1.1" 200 3185
INFO 2020-12-03 16:10:04,567 basehttp 124 "GET /static/xadmin/js/xadmin.main.js HTTP/1.1" 304 0
INFO 2020-12-03 16:10:04,568 basehttp 124 "GET /static/xadmin/js/xadmin.responsive.js HTTP/1.1" 304 0
INFO 2020-12-03 16:10:04,568 basehttp 124 "GET /static/xadmin/vendor/jquery-ui/jquery.ui.effect.js HTTP/1.1" 304 0
INFO 2020-12-03 16:10:04,571 basehttp 124 "GET /static/xadmin/js/xadmin.plugin.themes.js HTTP/1.1" 304 0
INFO 2020-12-03 16:10:04,573 basehttp 124 "GET /static/xadmin/js/xadmin.plugin.details.js HTTP/1.1" 304 0
INFO 2020-12-03 16:10:04,575 basehttp 124 "GET /static/xadmin/js/xadmin.page.form.js HTTP/1.1" 304 0
INFO 2020-12-03 16:10:04,578 basehttp 124 "GET /static/xadmin/vendor/jquery-ui/jquery.ui.core.js HTTP/1.1" 304 0
INFO 2020-12-03 16:10:04,578 basehttp 124 "GET /static/xadmin/vendor/jquery-ui/jquery.ui.widget.js HTTP/1.1" 304 0
INFO 2020-12-03 16:10:04,588 basehttp 124 "GET /static/xadmin/vendor/bootstrap/js/bootstrap.js HTTP/1.1" 304 0
INFO 2020-12-03 16:10:04,595 basehttp 124 "GET /static/xadmin/js/xadmin.plugin.bookmark.js HTTP/1.1" 304 0
INFO 2020-12-03 16:10:04,600 basehttp 124 "GET /static/xadmin/js/xadmin.plugin.filters.js HTTP/1.1" 304 0
INFO 2020-12-03 16:10:04,603 basehttp 124 "GET /static/xadmin/js/xadmin.plugin.actions.js HTTP/1.1" 304 0
INFO 2020-12-03 16:10:04,603 basehttp 124 "GET /static/xadmin/js/xadmin.page.list.js HTTP/1.1" 304 0
INFO 2020-12-03 16:10:04,604 basehttp 124 "GET /static/xadmin/vendor/jquery-ui/jquery.ui.mouse.js HTTP/1.1" 304 0
INFO 2020-12-03 16:10:04,605 basehttp 124 "GET /static/xadmin/vendor/jquery-ui/jquery.ui.sortable.js HTTP/1.1" 304 0
INFO 2020-12-03 16:10:06,588 basehttp 124 "GET /admin/home/banner/?_cols=title.orders.is_show.img.link HTTP/1.1" 200 32677
INFO 2020-12-03 16:10:06,617 basehttp 124 "GET /admin/jsi18n/ HTTP/1.1" 200 3185
INFO 2020-12-03 16:10:17,060 basehttp 124 "GET /admin/home/banner/?_cols=title.orders.is_show.img.link&_do_=export&export_type=xls&export_xls_header=on&all=on HTTP/1.1" 200 5632
INFO 2020-12-03 16:10:52,196 basehttp 124 "POST /admin/settings/user HTTP/1.1" 200 0
INFO 2020-12-03 16:10:52,218 basehttp 124 "GET /static/xadmin/css/themes/bootstrap-theme.css HTTP/1.1" 200 19791
INFO 2020-12-03 16:10:55,802 basehttp 124 "POST /admin/settings/user HTTP/1.1" 200 0
INFO 2020-12-03 16:11:02,346 basehttp 124 "POST /admin/settings/user HTTP/1.1" 200 0
INFO 2020-12-03 16:11:10,915 basehttp 124 "POST /admin/settings/user HTTP/1.1" 200 0
INFO 2020-12-03 16:11:15,338 basehttp 124 "POST /admin/settings/user HTTP/1.1" 200 0
INFO 2020-12-03 16:11:20,504 basehttp 124 "POST /admin/settings/user HTTP/1.1" 200 0
INFO 2020-12-03 16:17:33,203 basehttp 124 "GET /home/banners/ HTTP/1.1" 200 276
INFO 2020-12-03 16:17:39,882 basehttp 124 "GET /media/banner/03.png HTTP/1.1" 200 745382
INFO 2020-12-03 16:33:06,715 basehttp 124 "GET /home/banners/ HTTP/1.1" 200 276
INFO 2020-12-03 16:33:46,498 basehttp 124 "GET /home/banners/ HTTP/1.1" 200 276
INFO 2020-12-03 16:33:46,525 basehttp 124 "GET /home/banners/ HTTP/1.1" 200 276
INFO 2020-12-03 16:33:52,862 basehttp 124 "GET /home/banners/ HTTP/1.1" 200 276
INFO 2020-12-03 16:34:40,681 basehttp 124 "GET /home/banners/ HTTP/1.1" 200 276
INFO 2020-12-03 16:34:52,850 basehttp 124 "GET /home/banners/ HTTP/1.1" 200 276
INFO 2020-12-03 16:36:03,037 basehttp 124 "GET /home/banners/ HTTP/1.1" 200 276
INFO 2020-12-03 16:36:21,737 basehttp 124 "GET /media/banner/03.png HTTP/1.1" 200 745382
INFO 2020-12-03 16:36:21,747 basehttp 124 "GET /media/banner/02.png HTTP/1.1" 200 364808
INFO 2020-12-03 16:36:21,749 basehttp 124 "GET /media/banner/01.png HTTP/1.1" 200 737783
INFO 2020-12-04 09:43:29,666 basehttp 124 "GET /home/banners/ HTTP/1.1" 200 276
INFO 2020-12-04 09:43:29,686 basehttp 124 "GET /media/banner/02.png HTTP/1.1" 200 364808
INFO 2020-12-04 09:43:29,691 basehttp 124 "GET /media/banner/01.png HTTP/1.1" 200 737783
INFO 2020-12-04 09:43:29,692 basehttp 124 "GET /media/banner/03.png HTTP/1.1" 200 745382
INFO 2020-12-04 09:46:53,502 basehttp 124 "GET /home/banners/ HTTP/1.1" 200 276
INFO 2020-12-04 09:46:53,521 basehttp 124 "GET /home/banners/ HTTP/1.1" 200 276
INFO 2020-12-04 09:46:53,542 basehttp 124 "GET /media/banner/02.png HTTP/1.1" 200 364808
INFO 2020-12-04 09:46:53,547 basehttp 124 "GET /media/banner/03.png HTTP/1.1" 200 745382
INFO 2020-12-04 09:46:53,550 basehttp 124 "GET /media/banner/01.png HTTP/1.1" 200 737783
WARNING 2020-12-04 10:08:13,824 basehttp 124 "POST /user/login/ HTTP/1.1" 400 79
INFO 2020-12-04 10:08:29,189 basehttp 124 "POST /user/login/ HTTP/1.1" 200 193
INFO 2020-12-04 10:12:37,967 basehttp 124 "OPTIONS /user/login/ HTTP/1.1" 200 0
INFO 2020-12-04 10:12:38,069 basehttp 124 "POST /user/login/ HTTP/1.1" 200 193
INFO 2020-12-04 10:14:38,868 basehttp 124 "OPTIONS /user/login/ HTTP/1.1" 200 0
INFO 2020-12-04 10:14:38,967 basehttp 124 "POST /user/login/ HTTP/1.1" 200 193
INFO 2020-12-04 10:15:53,853 basehttp 124 "OPTIONS /user/login/ HTTP/1.1" 200 0
INFO 2020-12-04 10:15:53,952 basehttp 124 "POST /user/login/ HTTP/1.1" 200 193
INFO 2020-12-04 10:15:53,998 basehttp 124 "GET /home/banners/ HTTP/1.1" 200 276
INFO 2020-12-04 10:15:54,056 basehttp 124 "GET /media/banner/02.png HTTP/1.1" 200 364808
INFO 2020-12-04 10:15:54,057 basehttp 124 "GET /media/banner/03.png HTTP/1.1" 200 745382
INFO 2020-12-04 10:15:54,063 basehttp 124 "GET /media/banner/01.png HTTP/1.1" 200 737783
INFO 2020-12-04 10:21:33,167 basehttp 124 "GET /home/banners/ HTTP/1.1" 200 276
INFO 2020-12-04 10:21:33,190 basehttp 124 "GET /media/banner/03.png HTTP/1.1" 200 745382
INFO 2020-12-04 10:21:33,196 basehttp 124 "GET /media/banner/01.png HTTP/1.1" 200 737783
INFO 2020-12-04 10:21:33,197 basehttp 124 "GET /media/banner/02.png HTTP/1.1" 200 364808
INFO 2020-12-04 10:23:52,116 basehttp 124 "OPTIONS /user/login/ HTTP/1.1" 200 0
INFO 2020-12-04 10:23:52,188 basehttp 124 "POST /user/login/ HTTP/1.1" 200 193
INFO 2020-12-04 10:23:52,210 basehttp 124 "GET /home/banners/ HTTP/1.1" 200 276
INFO 2020-12-04 10:23:52,222 basehttp 124 "GET /media/banner/02.png HTTP/1.1" 200 364808
INFO 2020-12-04 10:23:52,224 basehttp 124 "GET /media/banner/03.png HTTP/1.1" 200 745382
INFO 2020-12-04 10:23:52,227 basehttp 124 "GET /media/banner/01.png HTTP/1.1" 200 737783
INFO 2020-12-04 10:27:44,973 basehttp 124 "POST /user/login/ HTTP/1.1" 200 193
INFO 2020-12-04 10:31:22,296 basehttp 124 "POST /user/login/ HTTP/1.1" 200 224
INFO 2020-12-04 10:32:29,941 basehttp 124 "OPTIONS /user/login/ HTTP/1.1" 200 0
INFO 2020-12-04 10:32:30,041 basehttp 124 "POST /user/login/ HTTP/1.1" 200 224
INFO 2020-12-04 10:32:30,084 basehttp 124 "GET /home/banners/ HTTP/1.1" 200 276
INFO 2020-12-04 10:32:30,106 basehttp 124 "GET /media/banner/02.png HTTP/1.1" 200 364808
INFO 2020-12-04 10:32:30,109 basehttp 124 "GET /media/banner/01.png HTTP/1.1" 200 737783
INFO 2020-12-04 10:32:30,110 basehttp 124 "GET /media/banner/03.png HTTP/1.1" 200 745382
INFO 2020-12-04 11:03:08,113 basehttp 124 "GET /home/banners/ HTTP/1.1" 200 276
INFO 2020-12-04 11:03:08,140 basehttp 124 "GET /media/banner/03.png HTTP/1.1" 200 745382
INFO 2020-12-04 11:03:08,141 basehttp 124 "GET /media/banner/01.png HTTP/1.1" 200 737783
INFO 2020-12-04 11:03:08,145 basehttp 124 "GET /media/banner/02.png HTTP/1.1" 200 364808
INFO 2020-12-04 11:04:02,463 basehttp 124 "OPTIONS /user/login/ HTTP/1.1" 200 0
WARNING 2020-12-04 11:04:02,567 basehttp 124 "POST /user/login/ HTTP/1.1" 400 68
INFO 2020-12-04 11:12:34,057 basehttp 124 "OPTIONS /user/login/ HTTP/1.1" 200 0
INFO 2020-12-04 11:12:34,163 basehttp 124 "POST /user/login/ HTTP/1.1" 200 224
INFO 2020-12-04 11:12:34,194 basehttp 124 "GET /home/banners/ HTTP/1.1" 200 276
INFO 2020-12-04 11:12:34,216 basehttp 124 "GET /media/banner/03.png HTTP/1.1" 200 745382
INFO 2020-12-04 11:12:34,222 basehttp 124 "GET /media/banner/02.png HTTP/1.1" 200 364808
INFO 2020-12-04 11:12:34,229 basehttp 124 "GET /media/banner/01.png HTTP/1.1" 200 737783
INFO 2020-12-04 11:12:53,063 basehttp 124 "OPTIONS /user/login/ HTTP/1.1" 200 0
INFO 2020-12-04 11:12:53,165 basehttp 124 "POST /user/login/ HTTP/1.1" 200 224
INFO 2020-12-04 11:12:53,191 basehttp 124 "GET /home/banners/ HTTP/1.1" 200 276
INFO 2020-12-04 11:12:53,205 basehttp 124 "GET /media/banner/03.png HTTP/1.1" 200 745382
INFO 2020-12-04 11:12:53,216 basehttp 124 "GET /media/banner/02.png HTTP/1.1" 200 364808
INFO 2020-12-04 11:12:53,218 basehttp 124 "GET /media/banner/01.png HTTP/1.1" 200 737783
WARNING 2020-12-04 11:45:23,232 basehttp 124 "GET /user/captcha/ HTTP/1.1" 405 40
WARNING 2020-12-04 11:46:07,678 basehttp 124 "GET /user/captcha/ HTTP/1.1" 400 32
WARNING 2020-12-04 11:46:31,101 basehttp 124 "GET /user/captcha/ HTTP/1.1" 400 32
WARNING 2020-12-04 11:46:37,336 basehttp 124 "GET /user/captcha/ HTTP/1.1" 400 32
INFO 2020-12-04 11:47:08,210 basehttp 124 "GET /user/captcha/?username=admin HTTP/1.1" 200 140
WARNING 2020-12-04 14:05:34,717 basehttp 124 "GET /user/captcha/?username= HTTP/1.1" 400 32
INFO 2020-12-04 14:05:47,218 basehttp 124 "GET /user/captcha/?username=admin HTTP/1.1" 200 140
INFO 2020-12-04 14:19:22,628 basehttp 124 "GET /user/captcha/?username=admin HTTP/1.1" 200 140
INFO 2020-12-04 14:19:52,931 basehttp 124 "GET /user/captcha/?username=admin HTTP/1.1" 200 140
INFO 2020-12-04 14:19:55,954 basehttp 124 "GET /user/captcha/?username=admin HTTP/1.1" 200 140
INFO 2020-12-04 14:20:46,747 basehttp 124 "GET /user/captcha/?username=admin HTTP/1.1" 200 140
INFO 2020-12-04 14:21:13,475 basehttp 124 "GET /user/captcha/?username=admin HTTP/1.1" 200 140
INFO 2020-12-04 14:21:20,677 basehttp 124 "GET /user/captcha/?username=admin HTTP/1.1" 200 140
INFO 2020-12-04 14:24:17,795 basehttp 124 "GET /user/captcha/?username=admin HTTP/1.1" 200 140
INFO 2020-12-04 14:29:55,409 basehttp 124 "GET /user/captcha/?username=admin HTTP/1.1" 200 140
INFO 2020-12-04 14:30:28,668 basehttp 124 "GET /user/captcha/?username=admin HTTP/1.1" 200 140
INFO 2020-12-04 14:31:37,559 basehttp 124 "GET /user/captcha/?username=admin HTTP/1.1" 200 140
INFO 2020-12-04 14:33:23,482 basehttp 124 "GET /user/captcha/?username=admin HTTP/1.1" 200 140
INFO 2020-12-04 14:33:32,411 basehttp 124 "GET /user/captcha/?username=admin HTTP/1.1" 200 140
INFO 2020-12-04 14:34:18,585 basehttp 124 "GET /user/captcha/?username=admin HTTP/1.1" 200 140
INFO 2020-12-04 14:35:03,991 basehttp 124 "GET /user/captcha/?username=admin HTTP/1.1" 200 140
INFO 2020-12-04 14:36:44,705 basehttp 124 "GET /user/captcha/?username=admin HTTP/1.1" 200 140
INFO 2020-12-04 14:37:32,892 basehttp 124 "GET /user/captcha/?username=admin HTTP/1.1" 200 140
INFO 2020-12-04 14:38:04,409 basehttp 124 "GET /user/captcha/?username=admin HTTP/1.1" 200 140
INFO 2020-12-04 14:38:28,366 basehttp 124 "GET /user/captcha/?username=admin HTTP/1.1" 200 140
INFO 2020-12-04 14:39:01,857 basehttp 124 "GET /user/captcha/?username=admin HTTP/1.1" 200 140
INFO 2020-12-04 14:39:42,252 basehttp 124 "GET /user/captcha/?username=admin HTTP/1.1" 200 140
INFO 2020-12-04 14:39:48,571 basehttp 124 "OPTIONS /user/captcha/ HTTP/1.1" 200 0
INFO 2020-12-04 14:39:48,574 basehttp 124 "POST /user/captcha/ HTTP/1.1" 200 17
INFO 2020-12-04 14:40:29,622 basehttp 124 "GET /user/captcha/?username=admin HTTP/1.1" 200 140
INFO 2020-12-04 14:40:35,509 basehttp 124 "OPTIONS /user/captcha/ HTTP/1.1" 200 0
INFO 2020-12-04 14:40:35,512 basehttp 124 "POST /user/captcha/ HTTP/1.1" 200 17
INFO 2020-12-04 14:41:08,804 basehttp 124 "GET /user/captcha/?username=admin HTTP/1.1" 200 140
INFO 2020-12-04 14:41:14,240 basehttp 124 "OPTIONS /user/captcha/ HTTP/1.1" 200 0
INFO 2020-12-04 14:41:42,104 basehttp 124 "GET /user/captcha/?username=admin HTTP/1.1" 200 140
INFO 2020-12-04 14:41:47,697 basehttp 124 "OPTIONS /user/captcha/ HTTP/1.1" 200 0
INFO 2020-12-04 14:41:47,706 basehttp 124 "POST /user/captcha/ HTTP/1.1" 200 17
INFO 2020-12-04 14:42:08,490 basehttp 124 "GET /user/captcha/?username=admin HTTP/1.1" 200 140
INFO 2020-12-04 14:42:14,174 basehttp 124 "OPTIONS /user/captcha/ HTTP/1.1" 200 0
INFO 2020-12-04 14:42:14,177 basehttp 124 "POST /user/captcha/ HTTP/1.1" 200 17
INFO 2020-12-04 14:44:22,118 basehttp 124 "GET /user/captcha/?username=admin HTTP/1.1" 200 140
INFO 2020-12-04 14:44:24,859 basehttp 124 "GET /user/captcha/?username=admin HTTP/1.1" 200 140
INFO 2020-12-04 14:44:31,546 basehttp 124 "OPTIONS /user/captcha/ HTTP/1.1" 200 0
INFO 2020-12-04 14:44:31,549 basehttp 124 "POST /user/captcha/ HTTP/1.1" 200 17
INFO 2020-12-04 14:44:45,104 basehttp 124 "GET /user/captcha/?username=admin HTTP/1.1" 200 140
INFO 2020-12-04 14:45:07,652 basehttp 124 "GET /user/captcha/?username=admin HTTP/1.1" 200 140
INFO 2020-12-04 14:45:12,885 basehttp 124 "OPTIONS /user/captcha/ HTTP/1.1" 200 0
INFO 2020-12-04 14:46:24,633 basehttp 124 "GET /user/captcha/?username=admin HTTP/1.1" 200 140
INFO 2020-12-04 14:46:29,821 basehttp 124 "OPTIONS /user/captcha/ HTTP/1.1" 200 0
INFO 2020-12-04 14:46:56,937 basehttp 124 "GET /user/captcha/?username=admin HTTP/1.1" 200 140
INFO 2020-12-04 14:47:01,805 basehttp 124 "OPTIONS /user/captcha/ HTTP/1.1" 200 0
INFO 2020-12-04 14:47:01,808 basehttp 124 "POST /user/captcha/ HTTP/1.1" 200 17
INFO 2020-12-04 14:48:50,618 basehttp 124 "GET /user/captcha/?username=admin HTTP/1.1" 200 140
INFO 2020-12-04 14:48:59,176 basehttp 124 "OPTIONS /user/captcha/ HTTP/1.1" 200 0
INFO 2020-12-04 14:48:59,180 basehttp 124 "POST /user/captcha/ HTTP/1.1" 200 17
INFO 2020-12-04 14:50:26,391 basehttp 124 "GET /user/captcha/?username=admin HTTP/1.1" 200 140
INFO 2020-12-04 14:50:42,991 basehttp 124 "OPTIONS /user/captcha/ HTTP/1.1" 200 0
INFO 2020-12-04 14:50:42,994 basehttp 124 "POST /user/captcha/ HTTP/1.1" 200 17
INFO 2020-12-04 14:51:22,294 basehttp 124 "GET /user/captcha/?username=admin HTTP/1.1" 200 140
INFO 2020-12-04 14:51:27,363 basehttp 124 "OPTIONS /user/captcha/ HTTP/1.1" 200 0
ERROR 2020-12-04 14:51:27,365 exception 118 Internal Server Error: /user/captcha/
Traceback (most recent call last):
  File "D:\envs\drf_env\lib\site-packages\django\core\handlers\exception.py", line 35, in inner
    response = get_response(request)
  File "D:\envs\drf_env\lib\site-packages\django\core\handlers\base.py", line 128, in _get_response
    response = self.process_exception_by_middleware(e, request)
  File "D:\envs\drf_env\lib\site-packages\django\core\handlers\base.py", line 126, in _get_response
    response = wrapped_callback(request, *callback_args, **callback_kwargs)
  File "D:\envs\drf_env\lib\site-packages\django\views\decorators\csrf.py", line 54, in wrapped_view
    return view_func(*args, **kwargs)
  File "D:\envs\drf_env\lib\site-packages\django\views\generic\base.py", line 69, in view
    return self.dispatch(request, *args, **kwargs)
  File "D:\envs\drf_env\lib\site-packages\rest_framework\views.py", line 497, in dispatch
    response = self.handle_exception(exc)
  File "D:\envs\drf_env\lib\site-packages\rest_framework\views.py", line 457, in handle_exception
    self.raise_uncaught_exception(exc)
  File "D:\envs\drf_env\lib\site-packages\rest_framework\views.py", line 468, in raise_uncaught_exception
    raise exc
  File "D:\envs\drf_env\lib\site-packages\rest_framework\views.py", line 494, in dispatch
    response = handler(request, *args, **kwargs)
  File "D:\code\edu_api\edu_api\apps\user\views.py", line 44, in post
    result = gt.success_validate(challenge, validate, seccode, self.user_id)
  File "D:\code\edu_api\edu_api\libs\geetest.py", line 99, in success_validate
    if not self._check_para(challenge, validate, seccode):
  File "D:\code\edu_api\edu_api\libs\geetest.py", line 154, in _check_para
    return (bool(challenge.strip()) and bool(validate.strip()) and bool(seccode.strip()))
AttributeError: 'NoneType' object has no attribute 'strip'
ERROR 2020-12-04 14:51:27,482 basehttp 124 "POST /user/captcha/ HTTP/1.1" 500 18842
INFO 2020-12-04 14:52:20,926 basehttp 124 "GET /user/captcha/?username=admin HTTP/1.1" 200 140
INFO 2020-12-04 14:52:25,984 basehttp 124 "OPTIONS /user/captcha/ HTTP/1.1" 200 0
INFO 2020-12-04 14:52:26,271 basehttp 124 "POST /user/captcha/ HTTP/1.1" 200 20
INFO 2020-12-04 14:53:48,644 basehttp 124 "GET /user/captcha/?username=admin HTTP/1.1" 200 140
INFO 2020-12-04 14:53:53,153 basehttp 124 "OPTIONS /user/captcha/ HTTP/1.1" 200 0
INFO 2020-12-04 14:53:53,403 basehttp 124 "POST /user/captcha/ HTTP/1.1" 200 20
INFO 2020-12-04 14:53:53,410 basehttp 124 "OPTIONS /user/login/ HTTP/1.1" 200 0
INFO 2020-12-04 14:53:53,515 basehttp 124 "POST /user/login/ HTTP/1.1" 200 224
INFO 2020-12-04 14:53:53,555 basehttp 124 "GET /home/banners/ HTTP/1.1" 200 276
INFO 2020-12-04 14:53:53,592 basehttp 124 "GET /media/banner/02.png HTTP/1.1" 200 364808
INFO 2020-12-04 14:53:53,596 basehttp 124 "GET /media/banner/03.png HTTP/1.1" 200 745382
INFO 2020-12-04 14:53:53,600 basehttp 124 "GET /media/banner/01.png HTTP/1.1" 200 737783
INFO 2020-12-06 02:42:52,901 autoreload 578 Watching for file changes with StatReloader
INFO 2020-12-06 07:09:58,125 autoreload 578 Watching for file changes with StatReloader
INFO 2020-12-06 07:10:49,560 autoreload 578 Watching for file changes with StatReloader
INFO 2020-12-06 07:11:16,013 basehttp 154 "GET /home/banners/ HTTP/1.1" 200 2
INFO 2020-12-06 07:11:16,014 basehttp 154 "GET /home/navHead/ HTTP/1.1" 200 2
INFO 2020-12-06 07:11:16,014 basehttp 154 "GET /home/navFoot/ HTTP/1.1" 200 2
INFO 2020-12-06 07:18:25,458 autoreload 578 Watching for file changes with StatReloader
ERROR 2020-12-06 07:18:29,524 exception 75 Invalid HTTP_HOST header: '127.0.0.1:8000'. You may need to add '127.0.0.1' to ALLOWED_HOSTS.
WARNING 2020-12-06 07:18:29,564 log 222 Bad Request: /
WARNING 2020-12-06 07:18:29,565 basehttp 154 "GET / HTTP/1.1" 400 64076
ERROR 2020-12-06 07:18:29,734 exception 75 Invalid HTTP_HOST header: '127.0.0.1:8000'. You may need to add '127.0.0.1' to ALLOWED_HOSTS.
WARNING 2020-12-06 07:18:29,768 log 222 Bad Request: /favicon.ico
WARNING 2020-12-06 07:18:29,768 basehttp 154 "GET /favicon.ico HTTP/1.1" 400 63989
WARNING 2020-12-06 07:18:33,204 log 222 Not Found: /
WARNING 2020-12-06 07:18:33,205 basehttp 154 "GET / HTTP/1.1" 404 2265
INFO 2020-12-06 07:18:40,481 basehttp 154 "GET /admin/ HTTP/1.1" 200 4354
INFO 2020-12-06 07:18:40,500 basehttp 154 "GET /static/xadmin/css/xadmin.main.css HTTP/1.1" 304 0
INFO 2020-12-06 07:18:40,500 basehttp 154 "GET /static/xadmin/css/themes/bootstrap-xadmin.css HTTP/1.1" 304 0
INFO 2020-12-06 07:18:40,500 basehttp 154 "GET /static/xadmin/vendor/font-awesome/css/font-awesome.css HTTP/1.1" 304 0
INFO 2020-12-06 07:18:40,500 basehttp 154 "GET /static/xadmin/css/xadmin.plugins.css HTTP/1.1" 304 0
INFO 2020-12-06 07:18:40,501 basehttp 154 "GET /static/xadmin/vendor/bootstrap/css/bootstrap.css HTTP/1.1" 304 0
INFO 2020-12-06 07:18:40,501 basehttp 154 "GET /static/xadmin/css/xadmin.responsive.css HTTP/1.1" 304 0
INFO 2020-12-06 07:18:40,509 basehttp 154 "GET /static/xadmin/vendor/jquery/jquery.js HTTP/1.1" 304 0
INFO 2020-12-06 07:18:40,509 basehttp 154 "GET /static/xadmin/vendor/jquery-ui/jquery.ui.mouse.js HTTP/1.1" 304 0
INFO 2020-12-06 07:18:40,509 basehttp 154 "GET /static/xadmin/vendor/jquery-ui/jquery.ui.core.js HTTP/1.1" 304 0
INFO 2020-12-06 07:18:40,509 basehttp 154 "GET /static/xadmin/vendor/jquery-ui/jquery.ui.sortable.js HTTP/1.1" 304 0
INFO 2020-12-06 07:18:40,510 basehttp 154 "GET /static/xadmin/vendor/jquery-ui/jquery.ui.widget.js HTTP/1.1" 304 0
INFO 2020-12-06 07:18:40,519 basehttp 154 "GET /static/xadmin/vendor/bootstrap/js/bootstrap.js HTTP/1.1" 304 0
INFO 2020-12-06 07:18:40,520 basehttp 154 "GET /static/xadmin/js/xadmin.responsive.js HTTP/1.1" 304 0
INFO 2020-12-06 07:18:40,521 basehttp 154 "GET /static/xadmin/vendor/jquery-ui/jquery.ui.effect.js HTTP/1.1" 304 0
INFO 2020-12-06 07:18:40,521 basehttp 154 "GET /static/xadmin/js/xadmin.plugin.themes.js HTTP/1.1" 304 0
INFO 2020-12-06 07:18:40,521 basehttp 154 "GET /static/xadmin/js/xadmin.main.js HTTP/1.1" 304 0
INFO 2020-12-06 07:18:40,524 basehttp 154 "GET /admin/jsi18n/ HTTP/1.1" 200 4361
INFO 2020-12-06 07:18:40,606 basehttp 154 "GET /admin/ HTTP/1.1" 200 4354
INFO 2020-12-06 07:18:40,641 basehttp 154 "GET /admin/jsi18n/ HTTP/1.1" 200 4361
INFO 2020-12-06 07:18:40,752 basehttp 154 "GET /static/xadmin/vendor/font-awesome/fonts/fontawesome-webfont.woff?v=4.0.3 HTTP/1.1" 304 0
INFO 2020-12-06 07:18:51,710 basehttp 154 "POST /admin/ HTTP/1.1" 302 0
INFO 2020-12-06 07:18:54,594 basehttp 154 "GET /admin/ HTTP/1.1" 200 15495
INFO 2020-12-06 07:18:54,619 basehttp 154 "GET /static/xadmin/css/xadmin.page.dashboard.css HTTP/1.1" 304 0
INFO 2020-12-06 07:18:54,627 basehttp 154 "GET /static/xadmin/js/xadmin.plugin.portal.js HTTP/1.1" 304 0
INFO 2020-12-06 07:18:54,627 basehttp 154 "GET /static/xadmin/js/xadmin.page.dashboard.js HTTP/1.1" 304 0
INFO 2020-12-06 07:18:54,630 basehttp 154 "GET /admin/jsi18n/ HTTP/1.1" 200 3223
INFO 2020-12-06 07:19:32,811 autoreload 578 Watching for file changes with StatReloader
INFO 2020-12-06 07:19:42,125 basehttp 154 "GET /admin/ HTTP/1.1" 200 15488
INFO 2020-12-06 07:19:42,178 basehttp 154 "GET /admin/jsi18n/ HTTP/1.1" 200 7722
INFO 2020-12-06 07:19:45,208 basehttp 154 "GET /admin/home/banner/ HTTP/1.1" 200 25014
INFO 2020-12-06 07:19:45,237 basehttp 154 "GET /static/xadmin/js/xadmin.plugin.filters.js HTTP/1.1" 304 0
INFO 2020-12-06 07:19:45,238 basehttp 154 "GET /static/xadmin/js/xadmin.plugin.bookmark.js HTTP/1.1" 304 0
INFO 2020-12-06 07:19:45,238 basehttp 154 "GET /static/xadmin/css/xadmin.form.css HTTP/1.1" 304 0
INFO 2020-12-06 07:19:45,238 basehttp 154 "GET /static/xadmin/js/xadmin.plugin.details.js HTTP/1.1" 304 0
INFO 2020-12-06 07:19:45,238 basehttp 154 "GET /admin/jsi18n/ HTTP/1.1" 200 7722
INFO 2020-12-06 07:19:45,240 basehttp 154 "GET /static/xadmin/js/xadmin.page.list.js HTTP/1.1" 304 0
INFO 2020-12-06 07:19:45,241 basehttp 154 "GET /static/xadmin/js/xadmin.page.form.js HTTP/1.1" 304 0
INFO 2020-12-06 07:19:52,961 basehttp 154 "GET /admin/home/banner/add/ HTTP/1.1" 200 20531
INFO 2020-12-06 07:19:52,979 basehttp 154 "GET /static/xadmin/vendor/bootstrap-image-gallery/css/bootstrap-image-gallery.css HTTP/1.1" 304 0
INFO 2020-12-06 07:19:52,991 basehttp 154 "GET /static/xadmin/vendor/load-image/load-image.js HTTP/1.1" 304 0
INFO 2020-12-06 07:19:52,993 basehttp 154 "GET /static/xadmin/vendor/bootstrap-image-gallery/js/bootstrap-image-gallery.js HTTP/1.1" 304 0
INFO 2020-12-06 07:19:52,993 basehttp 154 "GET /admin/jsi18n/ HTTP/1.1" 200 7722
INFO 2020-12-06 07:20:18,905 basehttp 154 "POST /admin/home/banner/add/ HTTP/1.1" 302 0
INFO 2020-12-06 07:20:18,974 basehttp 154 "GET /admin/home/banner/add/ HTTP/1.1" 200 20865
INFO 2020-12-06 07:20:18,992 basehttp 154 "GET /admin/jsi18n/ HTTP/1.1" 200 7722
INFO 2020-12-06 07:20:36,689 basehttp 154 "POST /admin/home/banner/add/ HTTP/1.1" 302 0
INFO 2020-12-06 07:20:36,768 basehttp 154 "GET /admin/home/banner/add/ HTTP/1.1" 200 20865
INFO 2020-12-06 07:20:36,816 basehttp 154 "GET /admin/jsi18n/ HTTP/1.1" 200 7722
INFO 2020-12-06 07:20:56,204 basehttp 154 "POST /admin/home/banner/add/ HTTP/1.1" 302 0
INFO 2020-12-06 07:20:56,286 basehttp 154 "GET /admin/home/banner/ HTTP/1.1" 200 30166
INFO 2020-12-06 07:20:56,311 basehttp 154 "GET /admin/jsi18n/ HTTP/1.1" 200 7722
INFO 2020-12-06 07:20:56,312 basehttp 154 "GET /static/xadmin/js/xadmin.plugin.actions.js HTTP/1.1" 304 0
INFO 2020-12-06 07:20:58,087 basehttp 154 "GET /admin/home/nav/ HTTP/1.1" 200 25450
INFO 2020-12-06 07:20:58,110 basehttp 154 "GET /admin/jsi18n/ HTTP/1.1" 200 7722
INFO 2020-12-06 07:21:01,603 basehttp 154 "GET /admin/home/nav/add/ HTTP/1.1" 200 19873
INFO 2020-12-06 07:21:01,624 basehttp 154 "GET /static/xadmin/vendor/select2/select2.css HTTP/1.1" 304 0
INFO 2020-12-06 07:21:01,637 basehttp 154 "GET /static/xadmin/vendor/selectize/selectize.bootstrap3.css HTTP/1.1" 304 0
INFO 2020-12-06 07:21:01,638 basehttp 154 "GET /static/xadmin/vendor/select2/select2.js HTTP/1.1" 304 0
INFO 2020-12-06 07:21:01,639 basehttp 154 "GET /static/xadmin/vendor/selectize/selectize.js HTTP/1.1" 304 0
INFO 2020-12-06 07:21:01,640 basehttp 154 "GET /static/xadmin/vendor/select2/select2_locale_zh-hans.js HTTP/1.1" 304 0
INFO 2020-12-06 07:21:01,644 basehttp 154 "GET /static/xadmin/vendor/selectize/selectize.css HTTP/1.1" 304 0
INFO 2020-12-06 07:21:01,645 basehttp 154 "GET /admin/jsi18n/ HTTP/1.1" 200 7722
INFO 2020-12-06 07:21:01,646 basehttp 154 "GET /static/xadmin/js/xadmin.widget.select.js HTTP/1.1" 304 0
INFO 2020-12-06 07:22:31,871 basehttp 154 "POST /admin/home/nav/add/ HTTP/1.1" 302 0
INFO 2020-12-06 07:22:31,972 basehttp 154 "GET /admin/home/nav/add/ HTTP/1.1" 200 20230
INFO 2020-12-06 07:22:31,994 basehttp 154 "GET /admin/jsi18n/ HTTP/1.1" 200 7722
INFO 2020-12-06 07:22:52,394 basehttp 154 "POST /admin/home/nav/add/ HTTP/1.1" 302 0
INFO 2020-12-06 07:22:52,459 basehttp 154 "GET /admin/home/nav/add/ HTTP/1.1" 200 20224
INFO 2020-12-06 07:22:52,479 basehttp 154 "GET /admin/jsi18n/ HTTP/1.1" 200 7722
INFO 2020-12-06 07:23:15,598 basehttp 154 "POST /admin/home/nav/add/ HTTP/1.1" 302 0
INFO 2020-12-06 07:23:15,675 basehttp 154 "GET /admin/home/nav/add/ HTTP/1.1" 200 20224
INFO 2020-12-06 07:23:15,696 basehttp 154 "GET /admin/jsi18n/ HTTP/1.1" 200 7722
INFO 2020-12-06 07:24:15,089 basehttp 154 "POST /admin/home/nav/add/ HTTP/1.1" 302 0
INFO 2020-12-06 07:24:15,177 basehttp 154 "GET /admin/home/nav/add/ HTTP/1.1" 200 20236
INFO 2020-12-06 07:24:15,231 basehttp 154 "GET /admin/jsi18n/ HTTP/1.1" 200 7722
INFO 2020-12-06 07:24:42,863 basehttp 154 "POST /admin/home/nav/add/ HTTP/1.1" 302 0
INFO 2020-12-06 07:24:42,931 basehttp 154 "GET /admin/home/nav/ HTTP/1.1" 200 31900
INFO 2020-12-06 07:24:42,955 basehttp 154 "GET /admin/jsi18n/ HTTP/1.1" 200 7722
INFO 2020-12-06 07:25:04,961 basehttp 154 "GET /home/navHead/ HTTP/1.1" 200 271
INFO 2020-12-06 07:25:04,962 basehttp 154 "GET /home/banners/ HTTP/1.1" 200 292
INFO 2020-12-06 07:25:04,962 basehttp 154 "GET /home/navFoot/ HTTP/1.1" 200 76
INFO 2020-12-06 07:25:04,984 basehttp 154 "GET /media/banner/02_T238PiS.png HTTP/1.1" 200 364808
INFO 2020-12-06 07:25:04,987 basehttp 154 "GET /media/banner/03_aN6PIW4.png HTTP/1.1" 200 745382
INFO 2020-12-06 07:25:04,988 basehttp 154 "GET /media/banner/01_CIUzAj5.png HTTP/1.1" 200 737783
INFO 2020-12-06 07:26:01,869 basehttp 154 "GET /home/banners/ HTTP/1.1" 200 292
INFO 2020-12-06 07:26:01,871 basehttp 154 "GET /home/navFoot/ HTTP/1.1" 200 55
INFO 2020-12-06 07:26:01,872 basehttp 154 "GET /home/navHead/ HTTP/1.1" 200 256
INFO 2020-12-06 07:26:01,957 basehttp 154 "GET /media/banner/03_aN6PIW4.png HTTP/1.1" 304 0
INFO 2020-12-06 07:26:01,958 basehttp 154 "GET /media/banner/01_CIUzAj5.png HTTP/1.1" 304 0
INFO 2020-12-06 07:26:01,958 basehttp 154 "GET /media/banner/02_T238PiS.png HTTP/1.1" 304 0
INFO 2020-12-06 07:26:38,537 basehttp 154 "GET /admin/home/nav/add/ HTTP/1.1" 200 19873
INFO 2020-12-06 07:26:38,558 basehttp 154 "GET /admin/jsi18n/ HTTP/1.1" 200 7722
INFO 2020-12-06 07:27:05,073 basehttp 154 "POST /admin/home/nav/add/ HTTP/1.1" 302 0
INFO 2020-12-06 07:27:05,147 basehttp 154 "GET /admin/home/nav/add/ HTTP/1.1" 200 20215
INFO 2020-12-06 07:27:05,172 basehttp 154 "GET /admin/jsi18n/ HTTP/1.1" 200 7722
INFO 2020-12-06 07:27:40,063 basehttp 154 "POST /admin/home/nav/add/ HTTP/1.1" 302 0
INFO 2020-12-06 07:27:40,139 basehttp 154 "GET /admin/home/nav/ HTTP/1.1" 200 33025
INFO 2020-12-06 07:27:40,161 basehttp 154 "GET /admin/jsi18n/ HTTP/1.1" 200 7722
INFO 2020-12-06 07:28:08,709 basehttp 154 "GET /home/navHead/ HTTP/1.1" 200 196
INFO 2020-12-06 07:28:08,710 basehttp 154 "GET /home/navFoot/ HTTP/1.1" 200 229
INFO 2020-12-06 07:28:08,711 basehttp 154 "GET /home/banners/ HTTP/1.1" 200 292
INFO 2020-12-06 07:28:08,722 basehttp 154 "GET /media/banner/02_T238PiS.png HTTP/1.1" 304 0
INFO 2020-12-06 07:28:08,722 basehttp 154 "GET /media/banner/01_CIUzAj5.png HTTP/1.1" 304 0
INFO 2020-12-06 07:28:08,723 basehttp 154 "GET /media/banner/03_aN6PIW4.png HTTP/1.1" 304 0
WARNING 2020-12-06 07:28:31,324 log 222 Bad Request: /user/captcha/
WARNING 2020-12-06 07:28:31,325 basehttp 154 "GET /user/captcha/?username=123123 HTTP/1.1" 400 32
WARNING 2020-12-06 07:28:32,120 log 222 Bad Request: /user/captcha/
WARNING 2020-12-06 07:28:32,121 basehttp 154 "GET /user/captcha/?username=123123 HTTP/1.1" 400 32
WARNING 2020-12-06 07:28:32,424 log 222 Bad Request: /user/captcha/
WARNING 2020-12-06 07:28:32,424 basehttp 154 "GET /user/captcha/?username=123123 HTTP/1.1" 400 32
WARNING 2020-12-06 07:28:32,641 log 222 Bad Request: /user/captcha/
WARNING 2020-12-06 07:28:32,641 basehttp 154 "GET /user/captcha/?username=123123 HTTP/1.1" 400 32
WARNING 2020-12-06 07:28:32,854 log 222 Bad Request: /user/captcha/
WARNING 2020-12-06 07:28:32,854 basehttp 154 "GET /user/captcha/?username=123123 HTTP/1.1" 400 32
WARNING 2020-12-06 07:28:33,058 log 222 Bad Request: /user/captcha/
WARNING 2020-12-06 07:28:33,058 basehttp 154 "GET /user/captcha/?username=123123 HTTP/1.1" 400 32
WARNING 2020-12-06 07:28:33,528 log 222 Bad Request: /user/captcha/
WARNING 2020-12-06 07:28:33,528 basehttp 154 "GET /user/captcha/?username=123123 HTTP/1.1" 400 32
WARNING 2020-12-06 07:28:33,922 log 222 Bad Request: /user/captcha/
WARNING 2020-12-06 07:28:33,923 basehttp 154 "GET /user/captcha/?username=123123 HTTP/1.1" 400 32
WARNING 2020-12-06 07:28:34,171 log 222 Bad Request: /user/captcha/
WARNING 2020-12-06 07:28:34,172 basehttp 154 "GET /user/captcha/?username=123123 HTTP/1.1" 400 32
WARNING 2020-12-06 07:28:34,393 log 222 Bad Request: /user/captcha/
WARNING 2020-12-06 07:28:34,394 basehttp 154 "GET /user/captcha/?username=123123 HTTP/1.1" 400 32
WARNING 2020-12-06 07:28:34,597 log 222 Bad Request: /user/captcha/
WARNING 2020-12-06 07:28:34,597 basehttp 154 "GET /user/captcha/?username=123123 HTTP/1.1" 400 32
WARNING 2020-12-06 07:28:34,811 log 222 Bad Request: /user/captcha/
WARNING 2020-12-06 07:28:34,812 basehttp 154 "GET /user/captcha/?username=123123 HTTP/1.1" 400 32
WARNING 2020-12-06 07:28:35,003 log 222 Bad Request: /user/captcha/
WARNING 2020-12-06 07:28:35,004 basehttp 154 "GET /user/captcha/?username=123123 HTTP/1.1" 400 32
WARNING 2020-12-06 07:28:35,259 log 222 Bad Request: /user/captcha/
WARNING 2020-12-06 07:28:35,260 basehttp 154 "GET /user/captcha/?username=123123 HTTP/1.1" 400 32
WARNING 2020-12-06 07:28:35,551 log 222 Bad Request: /user/captcha/
WARNING 2020-12-06 07:28:35,551 basehttp 154 "GET /user/captcha/?username=123123 HTTP/1.1" 400 32
WARNING 2020-12-06 07:28:35,757 log 222 Bad Request: /user/captcha/
WARNING 2020-12-06 07:28:35,757 basehttp 154 "GET /user/captcha/?username=123123 HTTP/1.1" 400 32
WARNING 2020-12-06 07:28:35,981 log 222 Bad Request: /user/captcha/
WARNING 2020-12-06 07:28:35,981 basehttp 154 "GET /user/captcha/?username=123123 HTTP/1.1" 400 32
WARNING 2020-12-06 07:28:36,174 log 222 Bad Request: /user/captcha/
WARNING 2020-12-06 07:28:36,174 basehttp 154 "GET /user/captcha/?username=123123 HTTP/1.1" 400 32
WARNING 2020-12-06 07:28:36,377 log 222 Bad Request: /user/captcha/
WARNING 2020-12-06 07:28:36,377 basehttp 154 "GET /user/captcha/?username=123123 HTTP/1.1" 400 32
WARNING 2020-12-06 07:28:36,566 log 222 Bad Request: /user/captcha/
WARNING 2020-12-06 07:28:36,567 basehttp 154 "GET /user/captcha/?username=123123 HTTP/1.1" 400 32
WARNING 2020-12-06 07:28:36,914 log 222 Bad Request: /user/captcha/
WARNING 2020-12-06 07:28:36,914 basehttp 154 "GET /user/captcha/?username=123123 HTTP/1.1" 400 32
WARNING 2020-12-06 07:28:37,094 log 222 Bad Request: /user/captcha/
WARNING 2020-12-06 07:28:37,094 basehttp 154 "GET /user/captcha/?username=123123 HTTP/1.1" 400 32
WARNING 2020-12-06 07:28:37,297 log 222 Bad Request: /user/captcha/
WARNING 2020-12-06 07:28:37,298 basehttp 154 "GET /user/captcha/?username=123123 HTTP/1.1" 400 32
WARNING 2020-12-06 07:28:37,499 log 222 Bad Request: /user/captcha/
WARNING 2020-12-06 07:28:37,499 basehttp 154 "GET /user/captcha/?username=123123 HTTP/1.1" 400 32
WARNING 2020-12-06 07:28:37,659 log 222 Bad Request: /user/captcha/
WARNING 2020-12-06 07:28:37,660 basehttp 154 "GET /user/captcha/?username=123123 HTTP/1.1" 400 32
WARNING 2020-12-06 07:30:55,513 log 222 Bad Request: /user/captcha/
WARNING 2020-12-06 07:30:55,513 basehttp 154 "GET /user/captcha/?username=123123 HTTP/1.1" 400 32
WARNING 2020-12-06 07:30:55,848 log 222 Bad Request: /user/captcha/
WARNING 2020-12-06 07:30:55,848 basehttp 154 "GET /user/captcha/?username=123123 HTTP/1.1" 400 32
WARNING 2020-12-06 07:30:56,028 log 222 Bad Request: /user/captcha/
WARNING 2020-12-06 07:30:56,029 basehttp 154 "GET /user/captcha/?username=123123 HTTP/1.1" 400 32
WARNING 2020-12-06 07:30:56,197 log 222 Bad Request: /user/captcha/
WARNING 2020-12-06 07:30:56,198 basehttp 154 "GET /user/captcha/?username=123123 HTTP/1.1" 400 32
WARNING 2020-12-06 07:30:56,536 log 222 Bad Request: /user/captcha/
WARNING 2020-12-06 07:30:56,537 basehttp 154 "GET /user/captcha/?username=123123 HTTP/1.1" 400 32
WARNING 2020-12-06 07:30:56,692 log 222 Bad Request: /user/captcha/
WARNING 2020-12-06 07:30:56,693 basehttp 154 "GET /user/captcha/?username=123123 HTTP/1.1" 400 32
WARNING 2020-12-06 07:30:56,928 log 222 Bad Request: /user/captcha/
WARNING 2020-12-06 07:30:56,928 basehttp 154 "GET /user/captcha/?username=123123 HTTP/1.1" 400 32
WARNING 2020-12-06 07:30:57,090 log 222 Bad Request: /user/captcha/
WARNING 2020-12-06 07:30:57,091 basehttp 154 "GET /user/captcha/?username=123123 HTTP/1.1" 400 32
WARNING 2020-12-06 07:30:57,221 log 222 Bad Request: /user/captcha/
WARNING 2020-12-06 07:30:57,221 basehttp 154 "GET /user/captcha/?username=123123 HTTP/1.1" 400 32
WARNING 2020-12-06 07:30:57,379 log 222 Bad Request: /user/captcha/
WARNING 2020-12-06 07:30:57,380 basehttp 154 "GET /user/captcha/?username=123123 HTTP/1.1" 400 32
WARNING 2020-12-06 07:30:57,525 log 222 Bad Request: /user/captcha/
WARNING 2020-12-06 07:30:57,525 basehttp 154 "GET /user/captcha/?username=123123 HTTP/1.1" 400 32
WARNING 2020-12-06 07:30:57,694 log 222 Bad Request: /user/captcha/
WARNING 2020-12-06 07:30:57,695 basehttp 154 "GET /user/captcha/?username=123123 HTTP/1.1" 400 32
WARNING 2020-12-06 07:30:58,099 log 222 Bad Request: /user/captcha/
WARNING 2020-12-06 07:30:58,099 basehttp 154 "GET /user/captcha/?username=123123 HTTP/1.1" 400 32
WARNING 2020-12-06 07:30:58,304 log 222 Bad Request: /user/captcha/
WARNING 2020-12-06 07:30:58,305 basehttp 154 "GET /user/captcha/?username=123123 HTTP/1.1" 400 32
WARNING 2020-12-06 07:30:58,472 log 222 Bad Request: /user/captcha/
WARNING 2020-12-06 07:30:58,473 basehttp 154 "GET /user/captcha/?username=123123 HTTP/1.1" 400 32
WARNING 2020-12-06 07:30:58,639 log 222 Bad Request: /user/captcha/
WARNING 2020-12-06 07:30:58,639 basehttp 154 "GET /user/captcha/?username=123123 HTTP/1.1" 400 32
WARNING 2020-12-06 07:30:58,796 log 222 Bad Request: /user/captcha/
WARNING 2020-12-06 07:30:58,796 basehttp 154 "GET /user/captcha/?username=123123 HTTP/1.1" 400 32
WARNING 2020-12-06 07:30:59,306 log 222 Bad Request: /user/captcha/
WARNING 2020-12-06 07:30:59,307 basehttp 154 "GET /user/captcha/?username=123123 HTTP/1.1" 400 32
INFO 2020-12-06 07:32:25,304 autoreload 578 Watching for file changes with StatReloader
INFO 2020-12-06 07:32:28,370 basehttp 154 "GET /user/captcha/?username= HTTP/1.1" 200 140
INFO 2020-12-06 07:32:31,522 basehttp 154 "GET /user/captcha/?username= HTTP/1.1" 200 140
INFO 2020-12-06 07:36:57,767 basehttp 154 "GET /user/captcha/?username= HTTP/1.1" 200 140
INFO 2020-12-06 07:36:57,928 basehttp 154 "GET /user/captcha/?username= HTTP/1.1" 200 140
INFO 2020-12-06 07:36:58,231 basehttp 154 "GET /user/captcha/?username= HTTP/1.1" 200 140
INFO 2020-12-06 07:36:58,530 basehttp 154 "GET /user/captcha/?username= HTTP/1.1" 200 140
INFO 2020-12-06 07:36:58,722 basehttp 154 "GET /user/captcha/?username= HTTP/1.1" 200 140
INFO 2020-12-06 07:36:59,027 basehttp 154 "GET /user/captcha/?username= HTTP/1.1" 200 140
INFO 2020-12-06 07:36:59,281 basehttp 154 "GET /user/captcha/?username= HTTP/1.1" 200 140
INFO 2020-12-06 07:36:59,442 basehttp 154 "GET /user/captcha/?username= HTTP/1.1" 200 140
INFO 2020-12-06 07:36:59,599 basehttp 154 "GET /user/captcha/?username= HTTP/1.1" 200 140
WARNING 2020-12-06 07:37:22,476 log 222 Bad Request: /user/captcha/
WARNING 2020-12-06 07:37:22,477 basehttp 154 "GET /user/captcha/?username=13123123 HTTP/1.1" 400 32
WARNING 2020-12-06 07:37:23,557 log 222 Bad Request: /user/captcha/
WARNING 2020-12-06 07:37:23,557 basehttp 154 "GET /user/captcha/?username=13123123 HTTP/1.1" 400 32
WARNING 2020-12-06 07:37:23,759 log 222 Bad Request: /user/captcha/
WARNING 2020-12-06 07:37:23,761 basehttp 154 "GET /user/captcha/?username=13123123 HTTP/1.1" 400 32
WARNING 2020-12-06 07:37:23,954 log 222 Bad Request: /user/captcha/
WARNING 2020-12-06 07:37:23,954 basehttp 154 "GET /user/captcha/?username=13123123 HTTP/1.1" 400 32
INFO 2020-12-06 07:38:38,120 basehttp 154 "GET /user/captcha/?username=apple HTTP/1.1" 200 140
INFO 2020-12-06 07:38:38,755 basehttp 154 "GET /user/captcha/?username=apple HTTP/1.1" 200 140
INFO 2020-12-06 07:38:38,913 basehttp 154 "GET /user/captcha/?username=apple HTTP/1.1" 200 140
INFO 2020-12-06 07:38:39,062 basehttp 154 "GET /user/captcha/?username=apple HTTP/1.1" 200 140
INFO 2020-12-06 07:38:39,248 basehttp 154 "GET /user/captcha/?username=apple HTTP/1.1" 200 140
INFO 2020-12-06 07:38:39,420 basehttp 154 "GET /user/captcha/?username=apple HTTP/1.1" 200 140
INFO 2020-12-06 07:38:39,586 basehttp 154 "GET /user/captcha/?username=apple HTTP/1.1" 200 140
INFO 2020-12-06 07:38:39,766 basehttp 154 "GET /user/captcha/?username=apple HTTP/1.1" 200 140
INFO 2020-12-06 07:38:39,924 basehttp 154 "GET /user/captcha/?username=apple HTTP/1.1" 200 140
INFO 2020-12-06 07:38:40,061 basehttp 154 "GET /user/captcha/?username=apple HTTP/1.1" 200 140
INFO 2020-12-06 07:38:40,213 basehttp 154 "GET /user/captcha/?username=apple HTTP/1.1" 200 140
INFO 2020-12-06 07:38:40,392 basehttp 154 "GET /user/captcha/?username=apple HTTP/1.1" 200 140
INFO 2020-12-06 07:38:40,558 basehttp 154 "GET /user/captcha/?username=apple HTTP/1.1" 200 140
INFO 2020-12-06 07:38:40,807 basehttp 154 "GET /user/captcha/?username=apple HTTP/1.1" 200 140
INFO 2020-12-06 07:48:07,237 basehttp 154 "GET /user/captcha/?username= HTTP/1.1" 200 140
INFO 2020-12-06 07:48:20,043 basehttp 154 "GET /user/captcha/?username=apple HTTP/1.1" 200 140
INFO 2020-12-06 08:08:27,294 autoreload 578 Watching for file changes with StatReloader
INFO 2020-12-06 08:08:29,492 basehttp 154 "GET /user/captcha/?username=apple HTTP/1.1" 200 140
INFO 2020-12-06 08:08:30,842 basehttp 154 "GET /user/captcha/?username=apple HTTP/1.1" 200 140
INFO 2020-12-06 08:08:31,211 basehttp 154 "GET /user/captcha/?username=apple HTTP/1.1" 200 140
INFO 2020-12-06 08:08:31,540 basehttp 154 "GET /user/captcha/?username=apple HTTP/1.1" 200 140
INFO 2020-12-06 08:08:31,654 basehttp 154 "GET /user/captcha/?username=apple HTTP/1.1" 200 140
INFO 2020-12-06 08:08:31,809 basehttp 154 "GET /user/captcha/?username=apple HTTP/1.1" 200 140
INFO 2020-12-06 08:08:32,112 basehttp 154 "GET /user/captcha/?username=apple HTTP/1.1" 200 140
INFO 2020-12-06 08:13:02,890 basehttp 154 "GET /user/captcha/?username=apple HTTP/1.1" 200 140
INFO 2020-12-06 08:13:10,134 basehttp 154 "OPTIONS /user/captcha/ HTTP/1.1" 200 0
INFO 2020-12-06 08:13:10,318 basehttp 154 "POST /user/captcha/ HTTP/1.1" 200 20
INFO 2020-12-06 08:13:10,321 basehttp 154 "OPTIONS /user/login/ HTTP/1.1" 200 0
INFO 2020-12-06 08:13:10,402 basehttp 154 "POST /user/login/ HTTP/1.1" 200 227
INFO 2020-12-06 08:13:10,485 basehttp 154 "GET /home/navHead/ HTTP/1.1" 200 196
INFO 2020-12-06 08:13:10,488 basehttp 154 "GET /home/banners/ HTTP/1.1" 200 292
INFO 2020-12-06 08:13:10,489 basehttp 154 "GET /home/navFoot/ HTTP/1.1" 200 229
INFO 2020-12-06 08:13:10,503 basehttp 154 "GET /media/banner/01_CIUzAj5.png HTTP/1.1" 304 0
INFO 2020-12-06 08:13:10,504 basehttp 154 "GET /media/banner/02_T238PiS.png HTTP/1.1" 304 0
INFO 2020-12-06 08:13:10,505 basehttp 154 "GET /media/banner/03_aN6PIW4.png HTTP/1.1" 304 0
WARNING 2020-12-06 08:13:20,540 log 222 Bad Request: /user/captcha/
WARNING 2020-12-06 08:13:20,540 basehttp 154 "GET /user/captcha/?username=123 HTTP/1.1" 400 32
WARNING 2020-12-06 08:13:22,128 log 222 Bad Request: /user/captcha/
WARNING 2020-12-06 08:13:22,128 basehttp 154 "GET /user/captcha/?username=123 HTTP/1.1" 400 32
WARNING 2020-12-06 08:13:22,735 log 222 Bad Request: /user/captcha/
WARNING 2020-12-06 08:13:22,735 basehttp 154 "GET /user/captcha/?username=123 HTTP/1.1" 400 32
WARNING 2020-12-06 08:13:23,701 log 222 Bad Request: /user/captcha/
WARNING 2020-12-06 08:13:23,701 basehttp 154 "GET /user/captcha/?username=123 HTTP/1.1" 400 32
INFO 2020-12-06 08:13:46,966 basehttp 154 "GET /user/captcha/?username=apple HTTP/1.1" 200 140
INFO 2020-12-06 08:13:54,036 basehttp 154 "POST /user/captcha/ HTTP/1.1" 200 20
INFO 2020-12-06 08:13:54,120 basehttp 154 "POST /user/login/ HTTP/1.1" 200 227
INFO 2020-12-06 08:13:54,153 basehttp 154 "GET /home/navHead/ HTTP/1.1" 200 196
INFO 2020-12-06 08:13:54,156 basehttp 154 "GET /home/banners/ HTTP/1.1" 200 292
INFO 2020-12-06 08:13:54,158 basehttp 154 "GET /home/navFoot/ HTTP/1.1" 200 229
INFO 2020-12-06 08:49:48,716 basehttp 154 "GET /user/captcha/?username=apple HTTP/1.1" 200 140
INFO 2020-12-06 08:49:56,908 basehttp 154 "POST /user/captcha/ HTTP/1.1" 200 20
INFO 2020-12-06 08:49:57,001 basehttp 154 "POST /user/login/ HTTP/1.1" 200 227
INFO 2020-12-06 08:49:57,048 basehttp 154 "GET /home/navHead/ HTTP/1.1" 200 196
INFO 2020-12-06 08:49:57,049 basehttp 154 "GET /home/banners/ HTTP/1.1" 200 292
INFO 2020-12-06 08:49:57,051 basehttp 154 "GET /home/navFoot/ HTTP/1.1" 200 229
INFO 2020-12-06 08:50:04,696 basehttp 154 "GET /home/navFoot/ HTTP/1.1" 200 229
INFO 2020-12-06 08:50:04,697 basehttp 154 "GET /home/navHead/ HTTP/1.1" 200 196
INFO 2020-12-06 08:50:04,699 basehttp 154 "GET /home/banners/ HTTP/1.1" 200 292
INFO 2020-12-06 08:50:13,954 basehttp 154 "GET /user/captcha/?username= HTTP/1.1" 200 140
INFO 2020-12-06 08:50:14,566 basehttp 154 "GET /user/captcha/?username= HTTP/1.1" 200 140
INFO 2020-12-06 08:50:22,062 basehttp 154 "POST /user/captcha/ HTTP/1.1" 200 20
WARNING 2020-12-06 08:50:22,067 log 222 Bad Request: /user/login/
WARNING 2020-12-06 08:50:22,068 basehttp 154 "POST /user/login/ HTTP/1.1" 400 81
INFO 2020-12-06 08:50:33,134 basehttp 154 "GET /user/captcha/?username= HTTP/1.1" 200 140
INFO 2020-12-06 08:50:41,411 basehttp 154 "POST /user/captcha/ HTTP/1.1" 200 20
WARNING 2020-12-06 08:50:41,416 log 222 Bad Request: /user/login/
WARNING 2020-12-06 08:50:41,417 basehttp 154 "POST /user/login/ HTTP/1.1" 400 81
INFO 2020-12-06 09:11:46,876 autoreload 203 /Users/apple/Desktop/涓椤圭_娴/edu_api/edu_api/apps/user/views.py changed, reloading.
INFO 2020-12-06 09:11:48,084 autoreload 578 Watching for file changes with StatReloader
INFO 2020-12-06 09:13:27,643 autoreload 203 /Users/apple/Desktop/涓椤圭_娴/edu_api/edu_api/apps/user/views.py changed, reloading.
INFO 2020-12-06 09:13:28,751 autoreload 578 Watching for file changes with StatReloader
INFO 2020-12-06 09:14:24,310 autoreload 203 /Users/apple/Desktop/涓椤圭_娴/edu_api/edu_api/apps/user/urls.py changed, reloading.
INFO 2020-12-06 09:14:25,166 autoreload 578 Watching for file changes with StatReloader
INFO 2020-12-06 09:22:04,210 autoreload 578 Watching for file changes with StatReloader
INFO 2020-12-06 09:22:20,442 basehttp 154 "GET /user/captcha/?username=apple HTTP/1.1" 200 140
INFO 2020-12-06 09:22:26,862 basehttp 154 "POST /user/captcha/ HTTP/1.1" 200 20
INFO 2020-12-06 09:22:26,957 basehttp 154 "POST /user/login/ HTTP/1.1" 200 227
INFO 2020-12-06 09:22:26,993 basehttp 154 "GET /home/navHead/ HTTP/1.1" 200 196
INFO 2020-12-06 09:22:26,998 basehttp 154 "GET /home/navFoot/ HTTP/1.1" 200 229
INFO 2020-12-06 09:22:26,999 basehttp 154 "GET /home/banners/ HTTP/1.1" 200 292
INFO 2020-12-06 09:23:07,725 autoreload 203 /Users/apple/Desktop/涓椤圭_娴/edu_api/edu_api/apps/user/views.py changed, reloading.
INFO 2020-12-06 09:23:08,821 autoreload 578 Watching for file changes with StatReloader
INFO 2020-12-06 09:23:10,622 basehttp 154 "GET /home/banners/ HTTP/1.1" 200 292
INFO 2020-12-06 09:23:10,622 basehttp 154 "GET /home/navFoot/ HTTP/1.1" 200 229
INFO 2020-12-06 09:23:10,622 basehttp 154 "GET /home/navHead/ HTTP/1.1" 200 196
INFO 2020-12-06 09:23:10,760 basehttp 154 "GET /media/banner/02_T238PiS.png HTTP/1.1" 304 0
INFO 2020-12-06 09:23:10,761 basehttp 154 "GET /media/banner/01_CIUzAj5.png HTTP/1.1" 304 0
INFO 2020-12-06 09:23:10,761 basehttp 154 "GET /media/banner/03_aN6PIW4.png HTTP/1.1" 304 0
INFO 2020-12-06 09:23:19,922 autoreload 578 Watching for file changes with StatReloader
INFO 2020-12-06 09:23:23,873 basehttp 154 "GET /home/banners/ HTTP/1.1" 200 292
INFO 2020-12-06 09:23:23,874 basehttp 154 "GET /home/navHead/ HTTP/1.1" 200 196
INFO 2020-12-06 09:23:23,874 basehttp 154 "GET /home/navFoot/ HTTP/1.1" 200 229
INFO 2020-12-06 09:24:54,720 basehttp 154 "GET /home/navHead/ HTTP/1.1" 200 196
INFO 2020-12-06 09:24:55,914 basehttp 154 "GET /home/navHead/ HTTP/1.1" 200 196
INFO 2020-12-06 09:24:55,915 basehttp 154 "GET /home/navFoot/ HTTP/1.1" 200 229
INFO 2020-12-06 09:24:55,916 basehttp 154 "GET /home/banners/ HTTP/1.1" 200 292
INFO 2020-12-06 09:25:20,022 basehttp 154 "GET /home/navHead/ HTTP/1.1" 200 196
ERROR 2020-12-06 09:25:20,033 log 222 Internal Server Error: /user/get_username/
Traceback (most recent call last):
  File "/Library/Frameworks/Python.framework/Versions/3.9/lib/python3.9/site-packages/django/core/handlers/exception.py", line 34, in inner
    response = get_response(request)
  File "/Library/Frameworks/Python.framework/Versions/3.9/lib/python3.9/site-packages/django/core/handlers/base.py", line 115, in _get_response
    response = self.process_exception_by_middleware(e, request)
  File "/Library/Frameworks/Python.framework/Versions/3.9/lib/python3.9/site-packages/django/core/handlers/base.py", line 113, in _get_response
    response = wrapped_callback(request, *callback_args, **callback_kwargs)
  File "/Library/Frameworks/Python.framework/Versions/3.9/lib/python3.9/site-packages/django/views/decorators/csrf.py", line 54, in wrapped_view
    return view_func(*args, **kwargs)
  File "/Library/Frameworks/Python.framework/Versions/3.9/lib/python3.9/site-packages/django/views/generic/base.py", line 71, in view
    return self.dispatch(request, *args, **kwargs)
  File "/Library/Frameworks/Python.framework/Versions/3.9/lib/python3.9/site-packages/rest_framework/views.py", line 497, in dispatch
    response = self.handle_exception(exc)
  File "/Library/Frameworks/Python.framework/Versions/3.9/lib/python3.9/site-packages/rest_framework/views.py", line 457, in handle_exception
    self.raise_uncaught_exception(exc)
  File "/Library/Frameworks/Python.framework/Versions/3.9/lib/python3.9/site-packages/rest_framework/views.py", line 468, in raise_uncaught_exception
    raise exc
  File "/Library/Frameworks/Python.framework/Versions/3.9/lib/python3.9/site-packages/rest_framework/views.py", line 494, in dispatch
    response = handler(request, *args, **kwargs)
  File "/Users/apple/Desktop/涓椤圭_娴/edu_api/edu_api/apps/user/views.py", line 55, in get
    username = request.query_params.filter('username')
AttributeError: 'QueryDict' object has no attribute 'filter'
ERROR 2020-12-06 09:25:20,034 basehttp 154 "GET /user/get_username/ HTTP/1.1" 500 16845
INFO 2020-12-06 09:25:24,368 basehttp 154 "GET /home/navHead/ HTTP/1.1" 200 196
INFO 2020-12-06 09:25:24,369 basehttp 154 "GET /home/banners/ HTTP/1.1" 200 292
INFO 2020-12-06 09:25:24,371 basehttp 154 "GET /home/navFoot/ HTTP/1.1" 200 229
ERROR 2020-12-06 09:25:24,377 log 222 Internal Server Error: /user/get_username/
Traceback (most recent call last):
  File "/Library/Frameworks/Python.framework/Versions/3.9/lib/python3.9/site-packages/django/core/handlers/exception.py", line 34, in inner
    response = get_response(request)
  File "/Library/Frameworks/Python.framework/Versions/3.9/lib/python3.9/site-packages/django/core/handlers/base.py", line 115, in _get_response
    response = self.process_exception_by_middleware(e, request)
  File "/Library/Frameworks/Python.framework/Versions/3.9/lib/python3.9/site-packages/django/core/handlers/base.py", line 113, in _get_response
    response = wrapped_callback(request, *callback_args, **callback_kwargs)
  File "/Library/Frameworks/Python.framework/Versions/3.9/lib/python3.9/site-packages/django/views/decorators/csrf.py", line 54, in wrapped_view
    return view_func(*args, **kwargs)
  File "/Library/Frameworks/Python.framework/Versions/3.9/lib/python3.9/site-packages/django/views/generic/base.py", line 71, in view
    return self.dispatch(request, *args, **kwargs)
  File "/Library/Frameworks/Python.framework/Versions/3.9/lib/python3.9/site-packages/rest_framework/views.py", line 497, in dispatch
    response = self.handle_exception(exc)
  File "/Library/Frameworks/Python.framework/Versions/3.9/lib/python3.9/site-packages/rest_framework/views.py", line 457, in handle_exception
    self.raise_uncaught_exception(exc)
  File "/Library/Frameworks/Python.framework/Versions/3.9/lib/python3.9/site-packages/rest_framework/views.py", line 468, in raise_uncaught_exception
    raise exc
  File "/Library/Frameworks/Python.framework/Versions/3.9/lib/python3.9/site-packages/rest_framework/views.py", line 494, in dispatch
    response = handler(request, *args, **kwargs)
  File "/Users/apple/Desktop/涓椤圭_娴/edu_api/edu_api/apps/user/views.py", line 55, in get
    username = request.query_params.filter('username')
AttributeError: 'QueryDict' object has no attribute 'filter'
ERROR 2020-12-06 09:25:24,378 basehttp 154 "GET /user/get_username/ HTTP/1.1" 500 16845
INFO 2020-12-06 09:26:04,648 autoreload 203 /Users/apple/Desktop/涓椤圭_娴/edu_api/edu_api/apps/user/views.py changed, reloading.
INFO 2020-12-06 09:26:05,775 autoreload 578 Watching for file changes with StatReloader
INFO 2020-12-06 09:41:54,932 basehttp 154 "GET /home/navHead/ HTTP/1.1" 200 196
INFO 2020-12-06 09:44:59,851 basehttp 154 "GET /home/navHead/ HTTP/1.1" 200 196
INFO 2020-12-06 09:44:59,852 basehttp 154 "GET /home/navFoot/ HTTP/1.1" 200 229
INFO 2020-12-06 09:44:59,853 basehttp 154 "GET /home/banners/ HTTP/1.1" 200 292
INFO 2020-12-06 09:44:59,888 basehttp 154 "GET /media/banner/02_T238PiS.png HTTP/1.1" 304 0
INFO 2020-12-06 09:44:59,889 basehttp 154 "GET /media/banner/03_aN6PIW4.png HTTP/1.1" 304 0
INFO 2020-12-06 09:44:59,889 basehttp 154 "GET /media/banner/01_CIUzAj5.png HTTP/1.1" 304 0
INFO 2020-12-06 09:45:20,679 basehttp 154 "GET /user/captcha/?username=apple HTTP/1.1" 200 140
INFO 2020-12-06 09:45:27,316 basehttp 154 "POST /user/captcha/ HTTP/1.1" 200 20
INFO 2020-12-06 09:45:27,409 basehttp 154 "POST /user/login/ HTTP/1.1" 200 227
INFO 2020-12-06 09:45:27,453 basehttp 154 "GET /home/banners/ HTTP/1.1" 200 292
INFO 2020-12-06 09:45:27,454 basehttp 154 "GET /home/navHead/ HTTP/1.1" 200 196
INFO 2020-12-06 09:45:27,456 basehttp 154 "GET /home/navFoot/ HTTP/1.1" 200 229
INFO 2020-12-06 09:46:37,032 basehttp 154 "GET /home/navHead/ HTTP/1.1" 200 196
INFO 2020-12-06 09:46:37,033 basehttp 154 "GET /home/banners/ HTTP/1.1" 200 292
INFO 2020-12-06 09:46:37,034 basehttp 154 "GET /home/navFoot/ HTTP/1.1" 200 229
INFO 2020-12-06 09:46:48,201 basehttp 154 "GET /home/navHead/ HTTP/1.1" 200 196
INFO 2020-12-06 09:46:48,204 basehttp 154 "GET /home/banners/ HTTP/1.1" 200 292
INFO 2020-12-06 09:46:48,205 basehttp 154 "GET /home/navFoot/ HTTP/1.1" 200 229
INFO 2020-12-06 09:48:23,586 basehttp 154 "GET /home/navHead/ HTTP/1.1" 200 196
INFO 2020-12-06 09:48:23,587 basehttp 154 "GET /home/navFoot/ HTTP/1.1" 200 229
INFO 2020-12-06 09:48:23,588 basehttp 154 "GET /home/banners/ HTTP/1.1" 200 292
INFO 2020-12-06 09:48:25,104 basehttp 154 "GET /home/navHead/ HTTP/1.1" 200 196
INFO 2020-12-06 09:48:25,106 basehttp 154 "GET /home/banners/ HTTP/1.1" 200 292
INFO 2020-12-06 09:48:25,107 basehttp 154 "GET /home/navFoot/ HTTP/1.1" 200 229
